Godot Engine v3.2.3.stable.official - https://godotengine.org
OpenGL ES 3.0 Renderer: Radeon RX 570 Series
 
TT0
**ERROR**: Node not found: node/vc/v/beyblade.
   At: scene/main/node.cpp:1381:get_node() - Condition "!node" is true. Returned: __null
TT0
**ERROR**: Node not found: node/vc/v/beyblade.
   At: scene/main/node.cpp:1381:get_node() - Condition "!node" is true. Returned: __null
TT0
**ERROR**: Node not found: node/vc/v/beyblade.
   At: scene/main/node.cpp:1381:get_node() - Condition "!node" is true. Returned: __null
TT0
**ERROR**: Node not found: node/vc/v/beyblade.
   At: scene/main/node.cpp:1381:get_node() - Condition "!node" is true. Returned: __null
TT0
**ERROR**: Node not found: node/vc/v/beyblade.
   At: scene/main/node.cpp:1381:get_node() - Condition "!node" is true. Returned: __null
TT0
**ERROR**: Node not found: node/vc/v/beyblade.
   At: scene/main/node.cpp:1381:get_node() - Condition "!node" is true. Returned: __null
TT0
**ERROR**: Node not found: node/vc/v/beyblade.
   At: scene/main/node.cpp:1381:get_node() - Condition "!node" is true. Returned: __null
TT0
**ERROR**: Node not found: node/vc/v/beyblade.
   At: scene/main/node.cpp:1381:get_node() - Condition "!node" is true. Returned: __null
TT0
**ERROR**: Node not found: node/vc/v/beyblade.
   At: scene/main/node.cpp:1381:get_node() - Condition "!node" is true. Returned: __null
TT0
**ERROR**: Node not found: node/vc/v/beyblade.
   At: scene/main/node.cpp:1381:get_node() - Condition "!node" is true. Returned: __null
TT0
**ERROR**: Node not found: node/vc/v/beyblade.
   At: scene/main/node.cpp:1381:get_node() - Condition "!node" is true. Returned: __null
TT0
**ERROR**: Node not found: node/vc/v/beyblade.
   At: scene/main/node.cpp:1381:get_node() - Condition "!node" is true. Returned: __null
TT0
**ERROR**: Node not found: node/vc/v/beyblade.
   At: scene/main/node.cpp:1381:get_node() - Condition "!node" is true. Returned: __null
TT0
**ERROR**: Node not found: node/vc/v/beyblade.
   At: scene/main/node.cpp:1381:get_node() - Condition "!node" is true. Returned: __null
TT0
**ERROR**: Node not found: node/vc/v/beyblade.
   At: scene/main/node.cpp:1381:get_node() - Condition "!node" is true. Returned: __null
TT0
**ERROR**: Node not found: node/vc/v/beyblade.
   At: scene/main/node.cpp:1381:get_node() - Condition "!node" is true. Returned: __null
TT0
**ERROR**: Node not found: node/vc/v/beyblade.
   At: scene/main/node.cpp:1381:get_node() - Condition "!node" is true. Returned: __null
TT0
**ERROR**: Node not found: node/vc/v/beyblade.
   At: scene/main/node.cpp:1381:get_node() - Condition "!node" is true. Returned: __null
TT0
**ERROR**: Node not found: node/vc/v/beyblade.
   At: scene/main/node.cpp:1381:get_node() - Condition "!node" is true. Returned: __null
TT0
**ERROR**: Node not found: node/vc/v/beyblade.
   At: scene/main/node.cpp:1381:get_node() - Condition "!node" is true. Returned: __null
TT0
**ERROR**: Node not found: node/vc/v/beyblade.
   At: scene/main/node.cpp:1381:get_node() - Condition "!node" is true. Returned: __null
TT0
**ERROR**: Node not found: node/vc/v/beyblade.
   At: scene/main/node.cpp:1381:get_node() - Condition "!node" is true. Returned: __null
TT0
**ERROR**: Node not found: node/vc/v/beyblade.
   At: scene/main/node.cpp:1381:get_node() - Condition "!node" is true. Returned: __null
TT0
**ERROR**: Node not found: node/vc/v/beyblade.
   At: scene/main/node.cpp:1381:get_node() - Condition "!node" is true. Returned: __null
TT0
**ERROR**: Node not found: node/vc/v/beyblade.
   At: scene/main/node.cpp:1381:get_node() - Condition "!node" is true. Returned: __null
TT0
**ERROR**: Node not found: node/vc/v/beyblade.
   At: scene/main/node.cpp:1381:get_node() - Condition "!node" is true. Returned: __null
TT0
**ERROR**: Node not found: node/vc/v/beyblade.
   At: scene/main/node.cpp:1381:get_node() - Condition "!node" is true. Returned: __null
TT0
**ERROR**: Node not found: node/vc/v/beyblade.
   At: scene/main/node.cpp:1381:get_node() - Condition "!node" is true. Returned: __null
TT0
**ERROR**: Node not found: node/vc/v/beyblade.
   At: scene/main/node.cpp:1381:get_node() - Condition "!node" is true. Returned: __null
TT0
**ERROR**: Node not found: node/vc/v/beyblade.
   At: scene/main/node.cpp:1381:get_node() - Condition "!node" is true. Returned: __null
TT0
**ERROR**: Node not found: node/vc/v/beyblade.
   At: scene/main/node.cpp:1381:get_node() - Condition "!node" is true. Returned: __null
TT0
**ERROR**: Node not found: node/vc/v/beyblade.
   At: scene/main/node.cpp:1381:get_node() - Condition "!node" is true. Returned: __null
TT0
**ERROR**: Node not found: node/vc/v/beyblade.
   At: scene/main/node.cpp:1381:get_node() - Condition "!node" is true. Returned: __null
TT0
**ERROR**: Node not found: node/vc/v/beyblade.
   At: scene/main/node.cpp:1381:get_node() - Condition "!node" is true. Returned: __null
TT0
**ERROR**: Node not found: node/vc/v/beyblade.
   At: scene/main/node.cpp:1381:get_node() - Condition "!node" is true. Returned: __null
TT0
**ERROR**: Node not found: node/vc/v/beyblade.
   At: scene/main/node.cpp:1381:get_node() - Condition "!node" is true. Returned: __null
TT0
**ERROR**: Node not found: node/vc/v/beyblade.
   At: scene/main/node.cpp:1381:get_node() - Condition "!node" is true. Returned: __null
TT0
**ERROR**: Node not found: node/vc/v/beyblade.
   At: scene/main/node.cpp:1381:get_node() - Condition "!node" is true. Returned: __null
TT0
**ERROR**: Node not found: node/vc/v/beyblade.
   At: scene/main/node.cpp:1381:get_node() - Condition "!node" is true. Returned: __null
TT0
**ERROR**: Node not found: node/vc/v/beyblade.
   At: scene/main/node.cpp:1381:get_node() - Condition "!node" is true. Returned: __null
TT0
**ERROR**: Node not found: node/vc/v/beyblade.
   At: scene/main/node.cpp:1381:get_node() - Condition "!node" is true. Returned: __null
TT0
**ERROR**: Node not found: node/vc/v/beyblade.
   At: scene/main/node.cpp:1381:get_node() - Condition "!node" is true. Returned: __null
TT0
**ERROR**: Node not found: node/vc/v/beyblade.
   At: scene/main/node.cpp:1381:get_node() - Condition "!node" is true. Returned: __null
TT0
**ERROR**: Node not found: node/vc/v/beyblade.
   At: scene/main/node.cpp:1381:get_node() - Condition "!node" is true. Returned: __null
TT0
**ERROR**: Node not found: node/vc/v/beyblade.
   At: scene/main/node.cpp:1381:get_node() - Condition "!node" is true. Returned: __null
TT0
**ERROR**: Node not found: node/vc/v/beyblade.
   At: scene/main/node.cpp:1381:get_node() - Condition "!node" is true. Returned: __null
TT0
**ERROR**: Node not found: node/vc/v/beyblade.
   At: scene/main/node.cpp:1381:get_node() - Condition "!node" is true. Returned: __null
TT0
**ERROR**: Node not found: node/vc/v/beyblade.
   At: scene/main/node.cpp:1381:get_node() - Condition "!node" is true. Returned: __null
TT0
**ERROR**: Node not found: node/vc/v/beyblade.
   At: scene/main/node.cpp:1381:get_node() - Condition "!node" is true. Returned: __null
TT0
**ERROR**: Node not found: node/vc/v/beyblade.
   At: scene/main/node.cpp:1381:get_node() - Condition "!node" is true. Returned: __null
TT0
**ERROR**: Node not found: node/vc/v/beyblade.
   At: scene/main/node.cpp:1381:get_node() - Condition "!node" is true. Returned: __null
TT0
**ERROR**: Node not found: node/vc/v/beyblade.
   At: scene/main/node.cpp:1381:get_node() - Condition "!node" is true. Returned: __null
TT0
**ERROR**: Node not found: node/vc/v/beyblade.
   At: scene/main/node.cpp:1381:get_node() - Condition "!node" is true. Returned: __null
TT0
**ERROR**: Node not found: node/vc/v/beyblade.
   At: scene/main/node.cpp:1381:get_node() - Condition "!node" is true. Returned: __null
TT0
**ERROR**: Node not found: node/vc/v/beyblade.
   At: scene/main/node.cpp:1381:get_node() - Condition "!node" is true. Returned: __null
TT0
**ERROR**: Node not found: node/vc/v/beyblade.
   At: scene/main/node.cpp:1381:get_node() - Condition "!node" is true. Returned: __null
TT0
**ERROR**: Node not found: node/vc/v/beyblade.
   At: scene/main/node.cpp:1381:get_node() - Condition "!node" is true. Returned: __null
TT0
**ERROR**: Node not found: node/vc/v/beyblade.
   At: scene/main/node.cpp:1381:get_node() - Condition "!node" is true. Returned: __null
TT0
**ERROR**: Node not found: node/vc/v/beyblade.
   At: scene/main/node.cpp:1381:get_node() - Condition "!node" is true. Returned: __null
TT0
**ERROR**: Node not found: node/vc/v/beyblade.
   At: scene/main/node.cpp:1381:get_node() - Condition "!node" is true. Returned: __null
TT0
**ERROR**: Node not found: node/vc/v/beyblade.
   At: scene/main/node.cpp:1381:get_node() - Condition "!node" is true. Returned: __null
TT0
**ERROR**: Node not found: node/vc/v/beyblade.
   At: scene/main/node.cpp:1381:get_node() - Condition "!node" is true. Returned: __null
TT0
**ERROR**: Node not found: node/vc/v/beyblade.
   At: scene/main/node.cpp:1381:get_node() - Condition "!node" is true. Returned: __null
TT0
**ERROR**: Node not found: node/vc/v/beyblade.
   At: scene/main/node.cpp:1381:get_node() - Condition "!node" is true. Returned: __null
TT0
**ERROR**: Node not found: node/vc/v/beyblade.
   At: scene/main/node.cpp:1381:get_node() - Condition "!node" is true. Returned: __null
TT0
**ERROR**: Node not found: node/vc/v/beyblade.
   At: scene/main/node.cpp:1381:get_node() - Condition "!node" is true. Returned: __null
TT0
**ERROR**: Node not found: node/vc/v/beyblade.
   At: scene/main/node.cpp:1381:get_node() - Condition "!node" is true. Returned: __null
TT0
**ERROR**: Node not found: node/vc/v/beyblade.
   At: scene/main/node.cpp:1381:get_node() - Condition "!node" is true. Returned: __null
TT0
**ERROR**: Node not found: node/vc/v/beyblade.
   At: scene/main/node.cpp:1381:get_node() - Condition "!node" is true. Returned: __null
TT0
**ERROR**: Node not found: node/vc/v/beyblade.
   At: scene/main/node.cpp:1381:get_node() - Condition "!node" is true. Returned: __null
TT0
**ERROR**: Node not found: node/vc/v/beyblade.
   At: scene/main/node.cpp:1381:get_node() - Condition "!node" is true. Returned: __null
TT0
**ERROR**: Node not found: node/vc/v/beyblade.
   At: scene/main/node.cpp:1381:get_node() - Condition "!node" is true. Returned: __null
TT0
**ERROR**: Node not found: node/vc/v/beyblade.
   At: scene/main/node.cpp:1381:get_node() - Condition "!node" is true. Returned: __null
TT0
**ERROR**: Node not found: node/vc/v/beyblade.
   At: scene/main/node.cpp:1381:get_node() - Condition "!node" is true. Returned: __null
TT0
**ERROR**: Node not found: node/vc/v/beyblade.
   At: scene/main/node.cpp:1381:get_node() - Condition "!node" is true. Returned: __null
TT0
**ERROR**: Node not found: node/vc/v/beyblade.
   At: scene/main/node.cpp:1381:get_node() - Condition "!node" is true. Returned: __null
TT0
**ERROR**: Node not found: node/vc/v/beyblade.
   At: scene/main/node.cpp:1381:get_node() - Condition "!node" is true. Returned: __null
TT0
**ERROR**: Node not found: node/vc/v/beyblade.
   At: scene/main/node.cpp:1381:get_node() - Condition "!node" is true. Returned: __null
TT0
**ERROR**: Node not found: node/vc/v/beyblade.
   At: scene/main/node.cpp:1381:get_node() - Condition "!node" is true. Returned: __null
