Godot Engine v3.2.3.stable.official - https://godotengine.org
OpenGL ES 3.0 Renderer: Radeon RX 570 Series
 
SPDAOOOR = ===== 0.060845
1.44708 bodies = []
SPDAOOOR = ===== 0.057567
2.806113 bodies = []
SPDAOOOR = ===== 0.008542
3 bodies = []
SPDAOOOR = ===== 0.007347
3.166667 bodies = []
SPDAOOOR = ===== 0.007343
3.333333 bodies = []
SPDAOOOR = ===== 0.009174
3.541667 bodies = []
SPDAOOOR = ===== 0.008101
3.725466 bodies = []
SPDAOOOR = ===== 0.00737
3.892696 bodies = []
SPDAOOOR = ===== 0.007492
4.062836 bodies = []
SPDAOOOR = ===== 0.006917
4.220046 bodies = []
SPDAOOOR = ===== 0.00763
4.393666 bodies = []
SPDAOOOR = ===== 0.007099
4.555326 bodies = []
SPDAOOOR = ===== 0.007351
4.722946 bodies = []
SPDAOOOR = ===== 0.007328
4.890226 bodies = []
SPDAOOOR = ===== 0.007292
5.056893 bodies = []
SPDAOOOR = ===== 0.007227
5.222286 bodies = []
SPDAOOOR = ===== 0.007272
5.388953 bodies = []
SPDAOOOR = ===== 0.007122
5.552416 bodies = []
SPDAOOOR = ===== 0.00725
5.719083 bodies = []
SPDAOOOR = ===== 0.007238
5.885749 bodies = []
SPDAOOOR = ===== 0.007226
6.052416 bodies = []
SPDAOOOR = ===== 0.007214
6.219083 bodies = []
SPDAOOOR = ===== 0.007201
6.38575 bodies = []
SPDAOOOR = ===== 0.007187
6.552416 bodies = []
SPDAOOOR = ===== 0.007173
6.719083 bodies = []
SPDAOOOR = ===== 0.007158
6.88575 bodies = []
SPDAOOOR = ===== 0.007143
7.052416 bodies = []
SPDAOOOR = ===== 0.007128
7.219083 bodies = []
SPDAOOOR = ===== 0.007112
7.38575 bodies = []
SPDAOOOR = ===== 0.007095
7.552416 bodies = []
SPDAOOOR = ===== 0.007078
7.719083 bodies = []
SPDAOOOR = ===== 0.00706
7.88575 bodies = []
SPDAOOOR = ===== 0.007042
8.052416 bodies = []
SPDAOOOR = ===== 0.007024
8.219083 bodies = []
SPDAOOOR = ===== 0.007005
8.38575 bodies = []
SPDAOOOR = ===== 0.006985
8.552416 bodies = []
SPDAOOOR = ===== 0.006965
8.719083 bodies = []
SPDAOOOR = ===== 0.006945
8.88575 bodies = []
SPDAOOOR = ===== 0.006924
9.052416 bodies = []
SPDAOOOR = ===== 0.006902
9.219083 bodies = []
SPDAOOOR = ===== 0.00688
9.38575 bodies = []
SPDAOOOR = ===== 0.006858
9.552416 bodies = []
SPDAOOOR = ===== 0.006835
9.719083 bodies = []
SPDAOOOR = ===== 0.006811
9.88575 bodies = []
SPDAOOOR = ===== 0.006787
10.052416 bodies = []
SPDAOOOR = ===== 0.006763
10.219083 bodies = []
SPDAOOOR = ===== 0.006738
10.38575 bodies = []
SPDAOOOR = ===== 0.006713
10.552416 bodies = []
SPDAOOOR = ===== 0.006687
10.719083 bodies = []
SPDAOOOR = ===== 0.006661
10.88575 bodies = []
SPDAOOOR = ===== 0.006634
11.052416 bodies = []
SPDAOOOR = ===== 0.006607
11.219083 bodies = []
SPDAOOOR = ===== 0.006579
11.38575 bodies = []
SPDAOOOR = ===== 0.006551
11.552416 bodies = []
SPDAOOOR = ===== 0.006523
11.719083 bodies = []
SPDAOOOR = ===== 0.006494
11.88575 bodies = []
SPDAOOOR = ===== 0.006464
12.052416 bodies = []
SPDAOOOR = ===== 0.006434
12.219083 bodies = []
SPDAOOOR = ===== 0.006404
12.38575 bodies = []
SPDAOOOR = ===== 0.006373
12.552416 bodies = []
SPDAOOOR = ===== 0.006341
12.719083 bodies = []
SPDAOOOR = ===== 0.00631
12.88575 bodies = []
SPDAOOOR = ===== 0.006277
13.052417 bodies = []
SPDAOOOR = ===== 0.006245
13.219083 bodies = []
SPDAOOOR = ===== 0.006211
13.38575 bodies = []
SPDAOOOR = ===== 0.006178
13.552417 bodies = []
SPDAOOOR = ===== 0.006144
13.719083 bodies = []
SPDAOOOR = ===== 0.006109
13.88575 bodies = []
SPDAOOOR = ===== 0.006074
14.052417 bodies = []
SPDAOOOR = ===== 0.006039
14.219083 bodies = []
SPDAOOOR = ===== 0.006003
14.38575 bodies = []
SPDAOOOR = ===== 0.005967
14.552417 bodies = []
SPDAOOOR = ===== 0.00593
14.719083 bodies = []
SPDAOOOR = ===== 0.005893
14.88575 bodies = []
SPDAOOOR = ===== 0.005855
15.052417 bodies = []
SPDAOOOR = ===== 0.005817
15.219083 bodies = []
SPDAOOOR = ===== 0.005779
15.38575 bodies = []
SPDAOOOR = ===== 0.00574
15.552417 bodies = []
SPDAOOOR = ===== 0.0057
15.719083 bodies = []
SPDAOOOR = ===== 0.005661
15.88575 bodies = []
SPDAOOOR = ===== 0.00562
16.052417 bodies = []
SPDAOOOR = ===== 0.00558
16.219083 bodies = []
SPDAOOOR = ===== 0.005539
16.38575 bodies = []
SPDAOOOR = ===== 0.005497
16.552417 bodies = []
SPDAOOOR = ===== 0.005455
16.719083 bodies = []
SPDAOOOR = ===== 0.005413
16.88575 bodies = []
SPDAOOOR = ===== 0.00537
17.052417 bodies = []
SPDAOOOR = ===== 0.005327
17.219083 bodies = []
SPDAOOOR = ===== 0.005283
17.38575 bodies = []
SPDAOOOR = ===== 0.005239
17.552417 bodies = []
SPDAOOOR = ===== 0.005194
17.719083 bodies = []
SPDAOOOR = ===== 0.005149
17.88575 bodies = []
SPDAOOOR = ===== 0.005104
18.052417 bodies = []
SPDAOOOR = ===== 0.005058
18.219083 bodies = []
SPDAOOOR = ===== 0.005012
18.38575 bodies = []
SPDAOOOR = ===== 0.004966
18.552417 bodies = []
SPDAOOOR = ===== 0.004918
18.719083 bodies = []
SPDAOOOR = ===== 0.004871
18.88575 bodies = []
SPDAOOOR = ===== 0.004823
19.052417 bodies = []
SPDAOOOR = ===== 0.004775
19.219084 bodies = []
SPDAOOOR = ===== 0.004726
19.38575 bodies = []
SPDAOOOR = ===== 0.004677
19.552417 bodies = []
SPDAOOOR = ===== 0.004628
19.719084 bodies = []
SPDAOOOR = ===== 0.004578
19.88575 bodies = []
SPDAOOOR = ===== 0.004528
20.052417 bodies = []
SPDAOOOR = ===== 0.00485
20.232972 bodies = []
SPDAOOOR = ===== 0.004796
20.413528 bodies = []
SPDAOOOR = ===== 0.004742
20.594084 bodies = []
SPDAOOOR = ===== 0.004687
20.774639 bodies = []
SPDAOOOR = ===== 0.004632
20.955195 bodies = []
SPDAOOOR = ===== 0.004576
21.13575 bodies = []
SPDAOOOR = ===== 0.004248
21.305433 bodies = []
SPDAOOOR = ===== 0.004133
21.472693 bodies = []
SPDAOOOR = ===== 0.004065
21.63936 bodies = []
SPDAOOOR = ===== 0.004056
21.807923 bodies = []
SPDAOOOR = ===== 0.003956
21.97459 bodies = []
SPDAOOOR = ===== 0.004021
22.146403 bodies = []
SPDAOOOR = ===== 0.003845
22.31307 bodies = []
SPDAOOOR = ===== 0.003789
22.479736 bodies = []
SPDAOOOR = ===== 0.003733
22.646403 bodies = []
SPDAOOOR = ===== 0.003676
22.81307 bodies = []
SPDAOOOR = ===== 0.003619
22.979736 bodies = []
SPDAOOOR = ===== 0.003561
23.146403 bodies = []
SPDAOOOR = ===== 0.003503
23.31307 bodies = []
SPDAOOOR = ===== 0.003445
23.479736 bodies = []
SPDAOOOR = ===== 0.003386
23.646403 bodies = []
SPDAOOOR = ===== 0.003327
23.81307 bodies = []
SPDAOOOR = ===== 0.003268
23.979736 bodies = []
SPDAOOOR = ===== 0.003208
24.146403 bodies = []
SPDAOOOR = ===== 0.003148
24.31307 bodies = []
SPDAOOOR = ===== 0.003087
24.479736 bodies = []
SPDAOOOR = ===== 0.003026
24.646403 bodies = []
SPDAOOOR = ===== 0.002965
24.81307 bodies = []
SPDAOOOR = ===== 0.002903
24.979736 bodies = []
SPDAOOOR = ===== 0.002841
25.146403 bodies = []
SPDAOOOR = ===== 0.002779
25.31307 bodies = []
SPDAOOOR = ===== 0.002716
25.479736 bodies = []
SPDAOOOR = ===== 0.002652
25.646403 bodies = []
SPDAOOOR = ===== 0.002589
25.81307 bodies = []
SPDAOOOR = ===== 0.002525
25.979736 bodies = []
SPDAOOOR = ===== 0.002461
26.146403 bodies = []
SPDAOOOR = ===== 0.002396
26.31307 bodies = []
SPDAOOOR = ===== 0.002363
26.482043 bodies = []
SPDAOOOR = ===== 0.002266
26.64871 bodies = []
SPDAOOOR = ===== 0.0022
26.815376 bodies = []
SPDAOOOR = ===== 0.002134
26.982043 bodies = []
SPDAOOOR = ===== 0.002067
27.14871 bodies = []
SPDAOOOR = ===== 0.002
27.315376 bodies = []
SPDAOOOR = ===== 0.001933
27.482043 bodies = []
SPDAOOOR = ===== 0.001865
27.64871 bodies = []
SPDAOOOR = ===== 0.001797
27.815376 bodies = []
SPDAOOOR = ===== 0.001729
27.982043 bodies = []
SPDAOOOR = ===== 0.001661
28.14871 bodies = []
SPDAOOOR = ===== 0.001592
28.315376 bodies = []
SPDAOOOR = ===== 0.001522
28.482043 bodies = []
SPDAOOOR = ===== 0.001452
28.64871 bodies = []
SPDAOOOR = ===== 0.001382
28.815376 bodies = []
SPDAOOOR = ===== 0.001312
28.982043 bodies = []
SPDAOOOR = ===== 0.001241
29.14871 bodies = []
SPDAOOOR = ===== 0.00117
29.315376 bodies = []
SPDAOOOR = ===== 0.001099
29.482043 bodies = []
SPDAOOOR = ===== 0.001027
29.64871 bodies = []
SPDAOOOR = ===== 0.000955
29.815376 bodies = []
SPDAOOOR = ===== 0.000882
29.982043 bodies = []
SPDAOOOR = ===== 0.000809
30.14871 bodies = []
SPDAOOOR = ===== 0.000736
30.315376 bodies = []
SPDAOOOR = ===== 0.000663
30.482043 bodies = []
SPDAOOOR = ===== 0.000589
30.64871 bodies = []
SPDAOOOR = ===== 0.000515
30.815376 bodies = []
SPDAOOOR = ===== 0.00044
30.982043 bodies = []
SPDAOOOR = ===== 0.000365
31.148763 bodies = []
SPDAOOOR = ===== 0.00029
31.31543 bodies = []
SPDAOOOR = ===== 0.000214
31.482096 bodies = []
SPDAOOOR = ===== 0.000138
31.648763 bodies = []
SPDAOOOR = ===== 0.000062
31.81543 bodies = []
SPDAOOOR = ===== 0.000014
31.982096 bodies = []
TELEPORTA
SPDAOOOR = ===== 0.000091
32.148763 bodies = []
SPDAOOOR = ===== 1.893493
32.635583 bodies = []
SPDAOOOR = ===== 1.908868
33.630143 bodies = []
SPDAOOOR = ===== 1.946138
34.000002 bodies = []
SPDAOOOR = ===== 1.959124
34.333335 bodies = []
SPDAOOOR = ===== 1.970745
34.666668 bodies = []
SPDAOOOR = ===== 1.982335
35.041668 bodies = []
SPDAOOOR = ===== 1.995408
35.383526 bodies = []
SPDAOOOR = ===== 2.007377
35.714936 bodies = []
SPDAOOOR = ===== 2.018075
36.049016 bodies = []
SPDAOOOR = ===== 2.028644
36.384436 bodies = []
SPDAOOOR = ===== 2.039694
36.716256 bodies = []
SPDAOOOR = ===== 2.050599
37.050456 bodies = []
SPDAOOOR = ===== 2.061586
37.385536 bodies = []
SPDAOOOR = ===== 2.072625
37.717446 bodies = []
SPDAOOOR = ===== 2.08354
38.048936 bodies = []
SPDAOOOR = ===== 2.094418
38.382269 bodies = []
SPDAOOOR = ===== 2.105391
38.713546 bodies = []
SPDAOOOR = ===== 2.116632
39.04688 bodies = []
SPDAOOOR = ===== 2.128273
39.380213 bodies = []
SPDAOOOR = ===== 2.139916
39.713546 bodies = []
SPDAOOOR = ===== 2.151562
40.04688 bodies = []
SPDAOOOR = ===== 2.16321
40.380213 bodies = []
SPDAOOOR = ===== 2.174861
40.713546 bodies = []
SPDAOOOR = ===== 2.186514
41.04688 bodies = []
SPDAOOOR = ===== 2.19817
41.380213 bodies = []
SPDAOOOR = ===== 2.209828
41.713546 bodies = []
SPDAOOOR = ===== 2.220664
0.333333 bodies = [[StaticBody:1394]]
SPDAOOOR = ===== 0.817118
0.50959 bodies = []
SPDAOOOR = ===== 0.823083
0.6736 bodies = []
SPDAOOOR = ===== 0.828599
0.84523 bodies = []
SPDAOOOR = ===== 0.834411
1.00513 bodies = []
SPDAOOOR = ===== 0.839771
1.17838 bodies = []
SPDAOOOR = ===== 0.845638
1.34154 bodies = []
SPDAOOOR = ===== 0.851125
1.50966 bodies = []
SPDAOOOR = ===== 0.856797
1.67591 bodies = []
SPDAOOOR = ===== 0.862393
1.84482 bodies = []
SPDAOOOR = ===== 0.868099
2.00974 bodies = []
SPDAOOOR = ===== 0.873643
2.17852 bodies = []
SPDAOOOR = ===== 0.879353
2.34184 bodies = []
SPDAOOOR = ===== 0.884842
2.508507 bodies = []
SPDAOOOR = ===== 0.890458
2.675173 bodies = []
SPDAOOOR = ===== 0.896141
2.84184 bodies = []
SPDAOOOR = ===== 0.901836
3.0069 bodies = []
SPDAOOOR = ===== 0.907464
3.173567 bodies = []
SPDAOOOR = ===== 0.913153
3.340233 bodies = []
SPDAOOOR = ===== 0.918843
3.5069 bodies = []
SPDAOOOR = ===== 0.924534
3.673567 bodies = []
SPDAOOOR = ===== 0.930224
3.840233 bodies = []
SPDAOOOR = ===== 0.935915
4.0069 bodies = []
SPDAOOOR = ===== 0.941607
4.173567 bodies = []
SPDAOOOR = ===== 0.947299
4.340233 bodies = []
SPDAOOOR = ===== 0.952991
4.5069 bodies = []
SPDAOOOR = ===== 0.958683
4.673567 bodies = []
SPDAOOOR = ===== 0.964376
4.840233 bodies = []
SPDAOOOR = ===== 0.97007
5.0069 bodies = []
SPDAOOOR = ===== 0.975615
0.166667 bodies = [[StaticBody:1394]]
SPDAOOOR = ===== 0.81137
0.333333 bodies = []
SPDAOOOR = ===== 0.81699
0.5 bodies = []
SPDAOOOR = ===== 0.82261
0.66663 bodies = []
SPDAOOOR = ===== 0.828229
0.833297 bodies = []
SPDAOOOR = ===== 0.833848
0.999963 bodies = []
SPDAOOOR = ===== 0.839467
1.16663 bodies = []
SPDAOOOR = ===== 0.845085
1.333297 bodies = []
SPDAOOOR = ===== 0.850703
1.499963 bodies = []
SPDAOOOR = ===== 0.85632
1.66663 bodies = []
SPDAOOOR = ===== 0.861937
1.833297 bodies = []
SPDAOOOR = ===== 0.867562
1.999963 bodies = []
SPDAOOOR = ===== 0.873249
2.16663 bodies = []
SPDAOOOR = ===== 0.878937
2.333297 bodies = []
SPDAOOOR = ===== 0.884625
2.499963 bodies = []
SPDAOOOR = ===== 0.890314
2.66663 bodies = []
SPDAOOOR = ===== 0.896003
2.833297 bodies = []
SPDAOOOR = ===== 0.901692
2.999963 bodies = []
SPDAOOOR = ===== 0.907382
3.16663 bodies = []
SPDAOOOR = ===== 0.913077
3.33146 bodies = []
SPDAOOOR = ===== 0.9187
3.498127 bodies = []
SPDAOOOR = ===== 0.924391
3.664793 bodies = []
SPDAOOOR = ===== 0.930083
3.83146 bodies = []
SPDAOOOR = ===== 0.935653
0.166667 bodies = [[StaticBody:1396]]
SPDAOOOR = ===== 0.811297
0.333333 bodies = []
SPDAOOOR = ===== 0.816917
0.5 bodies = []
SPDAOOOR = ===== 0.822537
0.666667 bodies = []
SPDAOOOR = ===== 0.828156
0.833333 bodies = []
SPDAOOOR = ===== 0.833775
1 bodies = []
SPDAOOOR = ===== 0.839393
1.166667 bodies = []
SPDAOOOR = ===== 0.845011
1.333333 bodies = []
SPDAOOOR = ===== 0.850629
1.5 bodies = []
SPDAOOOR = ===== 0.856265
1.666667 bodies = []
SPDAOOOR = ===== 0.861952
1.833333 bodies = []
SPDAOOOR = ===== 0.867639
2 bodies = []
SPDAOOOR = ===== 0.873327
2.166667 bodies = []
SPDAOOOR = ===== 0.879015
2.333333 bodies = []
SPDAOOOR = ===== 0.884704
2.5 bodies = []
SPDAOOOR = ===== 0.890393
2.666667 bodies = []
SPDAOOOR = ===== 0.896082
2.833333 bodies = []
SPDAOOOR = ===== 0.901772
3 bodies = []
SPDAOOOR = ===== 0.907389
0.166667 bodies = [[StaticBody:1394]]
SPDAOOOR = ===== 0.811246
0.333333 bodies = []
SPDAOOOR = ===== 0.816866
0.5 bodies = []
SPDAOOOR = ===== 0.822485
0.666667 bodies = []
SPDAOOOR = ===== 0.828104
0.833333 bodies = []
SPDAOOOR = ===== 0.833723
1 bodies = []
SPDAOOOR = ===== 0.839341
1.166667 bodies = []
SPDAOOOR = ===== 0.844958
1.333333 bodies = []
SPDAOOOR = ===== 0.850632
1.5 bodies = []
SPDAOOOR = ===== 0.856318
1.666667 bodies = []
SPDAOOOR = ===== 0.862006
1.833333 bodies = []
SPDAOOOR = ===== 0.867693
2 bodies = []
SPDAOOOR = ===== 0.873381
2.166667 bodies = []
SPDAOOOR = ===== 0.87907
2.333333 bodies = []
SPDAOOOR = ===== 0.884759
2.5 bodies = []
SPDAOOOR = ===== 0.890364
0.166667 bodies = [[StaticBody:1394]]
SPDAOOOR = ===== 0.811187
0.333333 bodies = []
SPDAOOOR = ===== 0.816807
0.5 bodies = []
SPDAOOOR = ===== 0.822426
0.666667 bodies = []
SPDAOOOR = ===== 0.828045
0.833333 bodies = []
SPDAOOOR = ===== 0.833663
1 bodies = []
SPDAOOOR = ===== 0.83932
1.166667 bodies = []
SPDAOOOR = ===== 0.845006
1.333333 bodies = []
SPDAOOOR = ===== 0.850693
1.5 bodies = []
SPDAOOOR = ===== 0.85638
1.666667 bodies = []
SPDAOOOR = ===== 0.862067
1.833333 bodies = []
SPDAOOOR = ===== 0.867755
2 bodies = []
SPDAOOOR = ===== 0.873375
0.166667 bodies = [[StaticBody:1394]]
SPDAOOOR = ===== 0.81116
0.333333 bodies = []
SPDAOOOR = ===== 0.816779
0.5 bodies = []
SPDAOOOR = ===== 0.822398
0.666667 bodies = []
SPDAOOOR = ===== 0.828017
0.833333 bodies = []
SPDAOOOR = ===== 0.833662
1 bodies = []
SPDAOOOR = ===== 0.839348
1.166667 bodies = []
SPDAOOOR = ===== 0.845034
1.333333 bodies = []
SPDAOOOR = ===== 0.850721
1.5 bodies = []
SPDAOOOR = ===== 0.856408
1.666667 bodies = []
SPDAOOOR = ===== 0.862096
1.833333 bodies = []
SPDAOOOR = ===== 0.867711
0.166667 bodies = [[StaticBody:1394]]
SPDAOOOR = ===== 0.811149
0.333333 bodies = []
SPDAOOOR = ===== 0.816768
0.5 bodies = []
SPDAOOOR = ===== 0.822387
0.666667 bodies = []
SPDAOOOR = ===== 0.828006
0.833333 bodies = []
SPDAOOOR = ===== 0.833673
1 bodies = []
SPDAOOOR = ===== 0.839359
1.166667 bodies = []
SPDAOOOR = ===== 0.845045
1.333333 bodies = []
SPDAOOOR = ===== 0.850732
1.5 bodies = []
SPDAOOOR = ===== 0.856371
0.166667 bodies = [[StaticBody:1394]]
SPDAOOOR = ===== 0.811116
0.333333 bodies = []
SPDAOOOR = ===== 0.816736
0.5 bodies = []
SPDAOOOR = ===== 0.822354
0.666667 bodies = []
SPDAOOOR = ===== 0.82802
0.833333 bodies = []
SPDAOOOR = ===== 0.833706
1 bodies = []
SPDAOOOR = ===== 0.839392
1.166667 bodies = []
SPDAOOOR = ===== 0.845079
1.333333 bodies = []
SPDAOOOR = ===== 0.850729
0.166667 bodies = [[StaticBody:1394]]
SPDAOOOR = ===== 0.811127
0.333333 bodies = []
SPDAOOOR = ===== 0.816746
0.5 bodies = []
SPDAOOOR = ===== 0.822365
0.666667 bodies = []
SPDAOOOR = ===== 0.82801
0.833333 bodies = []
SPDAOOOR = ===== 0.833695
1 bodies = []
SPDAOOOR = ===== 0.839382
1.166667 bodies = []
SPDAOOOR = ===== 0.845068
1.333333 bodies = []
SPDAOOOR = ===== 0.850714
0.166667 bodies = [[StaticBody:1394]]
SPDAOOOR = ===== 0.811113
0.333333 bodies = []
SPDAOOOR = ===== 0.816732
0.5 bodies = []
SPDAOOOR = ===== 0.822351
0.666667 bodies = []
SPDAOOOR = ===== 0.828024
0.833333 bodies = []
SPDAOOOR = ===== 0.83371
1 bodies = []
SPDAOOOR = ===== 0.839396
1.166667 bodies = []
SPDAOOOR = ===== 0.845037
0.166667 bodies = [[StaticBody:1394]]
SPDAOOOR = ===== 0.811089
0.333333 bodies = []
SPDAOOOR = ===== 0.816708
0.5 bodies = []
SPDAOOOR = ===== 0.822362
0.666667 bodies = []
SPDAOOOR = ===== 0.828048
0.833333 bodies = []
SPDAOOOR = ===== 0.833734
1 bodies = []
SPDAOOOR = ===== 0.839378
0.166667 bodies = [[StaticBody:1394]]
SPDAOOOR = ===== 0.811083
0.333333 bodies = []
SPDAOOOR = ===== 0.816702
0.5 bodies = []
SPDAOOOR = ===== 0.822368
0.666667 bodies = []
SPDAOOOR = ===== 0.828054
0.833333 bodies = []
SPDAOOOR = ===== 0.83374
1 bodies = []
SPDAOOOR = ===== 0.839392
0.166667 bodies = [[StaticBody:1394]]
SPDAOOOR = ===== 0.811096
0.333333 bodies = []
SPDAOOOR = ===== 0.816715
0.5 bodies = []
SPDAOOOR = ===== 0.822355
0.666667 bodies = []
SPDAOOOR = ===== 0.828041
0.833333 bodies = []
SPDAOOOR = ===== 0.833727
1 bodies = []
SPDAOOOR = ===== 0.839373
0.166667 bodies = [[StaticBody:1394]]
SPDAOOOR = ===== 0.811079
0.333333 bodies = []
SPDAOOOR = ===== 0.816697
0.5 bodies = []
SPDAOOOR = ===== 0.822373
0.666667 bodies = []
SPDAOOOR = ===== 0.828059
0.833333 bodies = []
SPDAOOOR = ===== 0.833704
0.166667 bodies = [[StaticBody:1394]]
SPDAOOOR = ===== 0.811062
0.333333 bodies = []
SPDAOOOR = ===== 0.816705
0.5 bodies = []
SPDAOOOR = ===== 0.82239
0.666667 bodies = []
SPDAOOOR = ===== 0.828035
0.166667 bodies = [[StaticBody:1394]]
SPDAOOOR = ===== 0.811045
0.333333 bodies = []
SPDAOOOR = ===== 0.816721
0.5 bodies = []
SPDAOOOR = ===== 0.822407
0.666667 bodies = []
SPDAOOOR = ===== 0.828058
0.166667 bodies = [[StaticBody:1394]]
SPDAOOOR = ===== 0.811068
0.333333 bodies = []
SPDAOOOR = ===== 0.816699
0.5 bodies = []
SPDAOOOR = ===== 0.822384
0.666667 bodies = []
SPDAOOOR = ===== 0.828031
0.166667 bodies = [[StaticBody:1394]]
SPDAOOOR = ===== 0.811041
0.333333 bodies = []
SPDAOOOR = ===== 0.816725
0.5 bodies = []
SPDAOOOR = ===== 0.822373
0.166667 bodies = [[StaticBody:1394]]
SPDAOOOR = ===== 0.811046
0.333333 bodies = []
SPDAOOOR = ===== 0.816731
0.5 bodies = []
SPDAOOOR = ===== 0.822381
0.166667 bodies = [[StaticBody:1394]]
SPDAOOOR = ===== 0.811043
0.333333 bodies = []
SPDAOOOR = ===== 0.816723
0.5 bodies = []
SPDAOOOR = ===== 0.822373
0.166667 bodies = [[StaticBody:1394]]
SPDAOOOR = ===== 0.811046
0.333333 bodies = []
SPDAOOOR = ===== 0.816731
0.5 bodies = []
SPDAOOOR = ===== 0.822382
0.166667 bodies = [[StaticBody:1394]]
SPDAOOOR = ===== 0.811045
0.333333 bodies = []
SPDAOOOR = ===== 0.816722
0.5 bodies = []
SPDAOOOR = ===== 0.822372
0.166667 bodies = [[StaticBody:1394]]
SPDAOOOR = ===== 0.811046
0.333333 bodies = []
SPDAOOOR = ===== 0.816731
0.5 bodies = []
SPDAOOOR = ===== 0.822383
0.166667 bodies = [[StaticBody:1394]]
SPDAOOOR = ===== 0.811046
0.333333 bodies = []
SPDAOOOR = ===== 0.81672
0.5 bodies = []
SPDAOOOR = ===== 0.822371
0.166667 bodies = [[StaticBody:1394]]
SPDAOOOR = ===== 0.811047
0.333333 bodies = []
SPDAOOOR = ===== 0.816693
0.166667 bodies = [[StaticBody:1394]]
SPDAOOOR = ===== 0.811041
0.166667 bodies = [[StaticBody:1394]]
SPDAOOOR = ===== 0.811041
0.166667 bodies = [[StaticBody:1394]]
SPDAOOOR = ===== 0.811041
0.166667 bodies = [[StaticBody:1394]]
SPDAOOOR = ===== 0.811041
0.166667 bodies = [[StaticBody:1394]]
SPDAOOOR = ===== 0.811041
0.166667 bodies = [[StaticBody:1394]]
SPDAOOOR = ===== 0.811041
0.166667 bodies = [[StaticBody:1394]]
SPDAOOOR = ===== 0.811041
0.166667 bodies = [[StaticBody:1394]]
SPDAOOOR = ===== 0.811041
0.166667 bodies = [[StaticBody:1394]]
SPDAOOOR = ===== 0.811041
0.166667 bodies = [[StaticBody:1394]]
SPDAOOOR = ===== 0.811041
0.166667 bodies = [[StaticBody:1394]]
SPDAOOOR = ===== 0.811041
0.166667 bodies = [[StaticBody:1394]]
SPDAOOOR = ===== 0.811041
0.166667 bodies = [[StaticBody:1394]]
SPDAOOOR = ===== 0.811041
0.166667 bodies = [[StaticBody:1394]]
SPDAOOOR = ===== 0.811041
0.166667 bodies = [[StaticBody:1394]]
SPDAOOOR = ===== 0.811041
0.166667 bodies = [[StaticBody:1394]]
SPDAOOOR = ===== 0.811041
0.166667 bodies = [[StaticBody:1394]]
SPDAOOOR = ===== 0.811041
0.166667 bodies = [[StaticBody:1394]]
SPDAOOOR = ===== 0.811041
0.166667 bodies = [[StaticBody:1394]]
SPDAOOOR = ===== 0.811041
0.166667 bodies = [[StaticBody:1394]]
SPDAOOOR = ===== 0.811041
0.166667 bodies = [[StaticBody:1394]]
SPDAOOOR = ===== 0.811041
0.166667 bodies = [[StaticBody:1394]]
SPDAOOOR = ===== 0.811041
0.166667 bodies = [[StaticBody:1394]]
SPDAOOOR = ===== 0.811041
0.166667 bodies = [[StaticBody:1394]]
SPDAOOOR = ===== 0.811041
0.166667 bodies = [[StaticBody:1394]]
SPDAOOOR = ===== 0.811041
0.166667 bodies = [[StaticBody:1394]]
SPDAOOOR = ===== 0.811041
0.166667 bodies = [[StaticBody:1394]]
SPDAOOOR = ===== 0.811041
0.166667 bodies = [[StaticBody:1394]]
SPDAOOOR = ===== 0.811041
0.166667 bodies = [[StaticBody:1394]]
SPDAOOOR = ===== 0.811041
0.166667 bodies = [[StaticBody:1394]]
SPDAOOOR = ===== 0.811041
0.166667 bodies = [[StaticBody:1394]]
SPDAOOOR = ===== 0.811041
0.166667 bodies = [[StaticBody:1394]]
SPDAOOOR = ===== 0.811041
0.166667 bodies = [[StaticBody:1394]]
SPDAOOOR = ===== 0.811041
0.166667 bodies = [[StaticBody:1394]]
SPDAOOOR = ===== 0.811041
0.166667 bodies = [[StaticBody:1394]]
SPDAOOOR = ===== 0.811041
0.166667 bodies = [[StaticBody:1394]]
SPDAOOOR = ===== 0.810984
0.180556 bodies = [[StaticBody:1394]]
SPDAOOOR = ===== 0.811455
0.180556 bodies = [[StaticBody:1394]]
SPDAOOOR = ===== 0.811455
0.180556 bodies = [[StaticBody:1394]]
SPDAOOOR = ===== 0.811455
0.180556 bodies = [[StaticBody:1394]]
SPDAOOOR = ===== 0.811455
0.180556 bodies = [[StaticBody:1394]]
SPDAOOOR = ===== 0.811455
0.180556 bodies = [[StaticBody:1394]]
SPDAOOOR = ===== 0.811493
0.171308 bodies = [[StaticBody:1394]]
SPDAOOOR = ===== 0.811182
0.17069 bodies = [[StaticBody:1394]]
SPDAOOOR = ===== 0.811159
0.17109 bodies = [[StaticBody:1394]]
SPDAOOOR = ===== 0.811191
0.166667 bodies = [[StaticBody:1394]]
SPDAOOOR = ===== 0.811041
0.166667 bodies = [[StaticBody:1394]]
SPDAOOOR = ===== 0.811022
0.171287 bodies = [[StaticBody:1394]]
SPDAOOOR = ===== 0.811197
0.166667 bodies = [[StaticBody:1394]]
SPDAOOOR = ===== 0.811041
0.166667 bodies = [[StaticBody:1394]]
SPDAOOOR = ===== 0.811029
0.169597 bodies = [[StaticBody:1394]]
SPDAOOOR = ===== 0.81114
0.166667 bodies = [[StaticBody:1394]]
SPDAOOOR = ===== 0.811041
0.166667 bodies = [[StaticBody:1394]]
SPDAOOOR = ===== 0.811041
0.166667 bodies = [[StaticBody:1394]]
SPDAOOOR = ===== 0.811041
0.166667 bodies = [[StaticBody:1394]]
SPDAOOOR = ===== 0.811041
0.166667 bodies = [[StaticBody:1394]]
SPDAOOOR = ===== 0.811041
0.166667 bodies = [[StaticBody:1394]]
SPDAOOOR = ===== 0.811041
0.166667 bodies = [[StaticBody:1394]]
SPDAOOOR = ===== 0.811041
0.166667 bodies = [[StaticBody:1394]]
SPDAOOOR = ===== 0.811041
0.166667 bodies = [[StaticBody:1394]]
SPDAOOOR = ===== 0.811041
0.166667 bodies = [[StaticBody:1394]]
SPDAOOOR = ===== 0.811041
0.166667 bodies = [[StaticBody:1394]]
SPDAOOOR = ===== 0.811041
0.166667 bodies = [[StaticBody:1394]]
SPDAOOOR = ===== 0.811041
0.166667 bodies = [[StaticBody:1394]]
SPDAOOOR = ===== 0.811041
0.166667 bodies = [[StaticBody:1394]]
SPDAOOOR = ===== 0.811041
0.166667 bodies = [[StaticBody:1394]]
SPDAOOOR = ===== 0.811041
0.166667 bodies = [[StaticBody:1394]]
SPDAOOOR = ===== 0.811041
0.166667 bodies = [[StaticBody:1394]]
SPDAOOOR = ===== 0.811041
0.166667 bodies = [[StaticBody:1394]]
SPDAOOOR = ===== 0.811041
0.166667 bodies = [[StaticBody:1394]]
SPDAOOOR = ===== 0.811041
0.166667 bodies = [[StaticBody:1394]]
SPDAOOOR = ===== 0.811025
0.170607 bodies = [[StaticBody:1394]]
SPDAOOOR = ===== 0.811174
0.166667 bodies = [[StaticBody:1394]]
SPDAOOOR = ===== 0.811041
0.166667 bodies = [[StaticBody:1394]]
SPDAOOOR = ===== 0.811041
0.166667 bodies = [[StaticBody:1394]]
SPDAOOOR = ===== 0.811041
0.166667 bodies = [[StaticBody:1394]]
SPDAOOOR = ===== 0.811041
0.166667 bodies = [[StaticBody:1394]]
SPDAOOOR = ===== 0.811041
0.166667 bodies = [[StaticBody:1394]]
SPDAOOOR = ===== 0.811041
0.166667 bodies = [[StaticBody:1394]]
SPDAOOOR = ===== 0.811041
0.166667 bodies = [[StaticBody:1394]]
SPDAOOOR = ===== 0.811041
0.166667 bodies = [[StaticBody:1394]]
SPDAOOOR = ===== 0.811041
0.166667 bodies = [[StaticBody:1394]]
SPDAOOOR = ===== 0.811041
0.166667 bodies = [[StaticBody:1394]]
SPDAOOOR = ===== 0.811041
0.166667 bodies = [[StaticBody:1394]]
SPDAOOOR = ===== 0.811041
0.166667 bodies = [[StaticBody:1394]]
SPDAOOOR = ===== 0.811041
0.166667 bodies = [[StaticBody:1394]]
SPDAOOOR = ===== 0.811041
0.166667 bodies = [[StaticBody:1394]]
SPDAOOOR = ===== 0.811041
0.166667 bodies = [[StaticBody:1394]]
SPDAOOOR = ===== 0.811041
0.166667 bodies = [[StaticBody:1394]]
SPDAOOOR = ===== 0.811041
0.166667 bodies = [[StaticBody:1394]]
SPDAOOOR = ===== 0.811041
0.166667 bodies = [[StaticBody:1394]]
SPDAOOOR = ===== 0.811041
0.166667 bodies = [[StaticBody:1394]]
SPDAOOOR = ===== 0.811041
0.166667 bodies = [[StaticBody:1394]]
SPDAOOOR = ===== 0.811041
0.166667 bodies = [[StaticBody:1394]]
SPDAOOOR = ===== 0.811041
0.166667 bodies = [[StaticBody:1394]]
SPDAOOOR = ===== 0.811041
0.166667 bodies = [[StaticBody:1394]]
SPDAOOOR = ===== 0.811041
0.166667 bodies = [[StaticBody:1394]]
SPDAOOOR = ===== 0.811041
0.166667 bodies = [[StaticBody:1394]]
SPDAOOOR = ===== 0.811041
0.166667 bodies = [[StaticBody:1394]]
SPDAOOOR = ===== 0.811041
0.166667 bodies = [[StaticBody:1394]]
SPDAOOOR = ===== 0.811041
0.166667 bodies = [[StaticBody:1394]]
SPDAOOOR = ===== 0.811041
0.166667 bodies = [[StaticBody:1394]]
SPDAOOOR = ===== 0.811041
0.166667 bodies = [[StaticBody:1394]]
SPDAOOOR = ===== 0.811041
0.166667 bodies = [[StaticBody:1394]]
SPDAOOOR = ===== 0.811041
0.166667 bodies = [[StaticBody:1394]]
SPDAOOOR = ===== 0.811041
0.166667 bodies = [[StaticBody:1394]]
SPDAOOOR = ===== 0.811041
0.166667 bodies = [[StaticBody:1394]]
SPDAOOOR = ===== 0.811041
0.166667 bodies = [[StaticBody:1394]]
SPDAOOOR = ===== 0.811041
0.166667 bodies = [[StaticBody:1394]]
SPDAOOOR = ===== 0.811041
0.166667 bodies = [[StaticBody:1394]]
SPDAOOOR = ===== 0.811041
0.166667 bodies = [[StaticBody:1394]]
SPDAOOOR = ===== 0.811041
0.166667 bodies = [[StaticBody:1394]]
SPDAOOOR = ===== 0.811041
0.166667 bodies = [[StaticBody:1394]]
SPDAOOOR = ===== 0.811041
0.166667 bodies = [[StaticBody:1394]]
SPDAOOOR = ===== 0.811041
0.166667 bodies = [[StaticBody:1394]]
SPDAOOOR = ===== 0.811041
0.166667 bodies = [[StaticBody:1394]]
SPDAOOOR = ===== 0.811041
0.166667 bodies = [[StaticBody:1394]]
SPDAOOOR = ===== 0.811041
0.166667 bodies = [[StaticBody:1394]]
SPDAOOOR = ===== 0.811041
0.166667 bodies = [[StaticBody:1394]]
SPDAOOOR = ===== 0.811041
0.166667 bodies = [[StaticBody:1394]]
SPDAOOOR = ===== 0.811041
0.166667 bodies = [[StaticBody:1394]]
SPDAOOOR = ===== 0.811041
0.166667 bodies = [[StaticBody:1394]]
SPDAOOOR = ===== 0.811041
0.166667 bodies = [[StaticBody:1394]]
SPDAOOOR = ===== 0.811041
0.166667 bodies = [[StaticBody:1394]]
SPDAOOOR = ===== 0.811041
0.166667 bodies = [[StaticBody:1394]]
SPDAOOOR = ===== 0.811041
0.166667 bodies = [[StaticBody:1394]]
SPDAOOOR = ===== 0.811041
0.166667 bodies = [[StaticBody:1394]]
SPDAOOOR = ===== 0.811041
0.166667 bodies = [[StaticBody:1394]]
SPDAOOOR = ===== 0.811041
0.166667 bodies = [[StaticBody:1394]]
SPDAOOOR = ===== 0.811041
0.166667 bodies = [[StaticBody:1394]]
SPDAOOOR = ===== 0.811041
0.166667 bodies = [[StaticBody:1394]]
SPDAOOOR = ===== 0.811034
0.168256 bodies = [[StaticBody:1394]]
SPDAOOOR = ===== 0.811095
0.166667 bodies = [[StaticBody:1394]]
SPDAOOOR = ===== 0.811041
0.166667 bodies = [[StaticBody:1394]]
SPDAOOOR = ===== 0.811041
0.166667 bodies = [[StaticBody:1394]]
SPDAOOOR = ===== 0.811041
0.166667 bodies = [[StaticBody:1394]]
SPDAOOOR = ===== 0.811041
0.166667 bodies = [[StaticBody:1394]]
SPDAOOOR = ===== 0.811041
0.166667 bodies = [[StaticBody:1394]]
SPDAOOOR = ===== 0.811041
0.166667 bodies = [[StaticBody:1394]]
SPDAOOOR = ===== 0.811041
0.166667 bodies = [[StaticBody:1394]]
SPDAOOOR = ===== 0.811041
0.166667 bodies = [[StaticBody:1394]]
SPDAOOOR = ===== 0.811041
0.166667 bodies = [[StaticBody:1394]]
SPDAOOOR = ===== 0.811041
0.166667 bodies = [[StaticBody:1394]]
SPDAOOOR = ===== 0.811041
0.166667 bodies = [[StaticBody:1394]]
SPDAOOOR = ===== 0.811041
0.166667 bodies = [[StaticBody:1394]]
SPDAOOOR = ===== 0.811041
0.166667 bodies = [[StaticBody:1394]]
SPDAOOOR = ===== 0.811041
0.166667 bodies = [[StaticBody:1394]]
SPDAOOOR = ===== 0.811041
0.166667 bodies = [[StaticBody:1394]]
SPDAOOOR = ===== 0.811041
0.166667 bodies = [[StaticBody:1394]]
SPDAOOOR = ===== 0.811041
0.166667 bodies = [[StaticBody:1394]]
SPDAOOOR = ===== 0.811041
0.166667 bodies = [[StaticBody:1394]]
SPDAOOOR = ===== 0.811041
0.166667 bodies = [[StaticBody:1394]]
SPDAOOOR = ===== 0.811041
0.166667 bodies = [[StaticBody:1394]]
SPDAOOOR = ===== 0.811041
0.166667 bodies = [[StaticBody:1394]]
SPDAOOOR = ===== 0.811041
0.166667 bodies = [[StaticBody:1394]]
SPDAOOOR = ===== 0.811041
0.166667 bodies = [[StaticBody:1394]]
SPDAOOOR = ===== 0.811041
0.166667 bodies = [[StaticBody:1394]]
SPDAOOOR = ===== 0.811041
0.166667 bodies = [[StaticBody:1394]]
SPDAOOOR = ===== 0.811041
0.166667 bodies = [[StaticBody:1394]]
SPDAOOOR = ===== 0.811041
0.166667 bodies = [[StaticBody:1394]]
SPDAOOOR = ===== 0.811041
0.166667 bodies = [[StaticBody:1394]]
SPDAOOOR = ===== 0.811041
0.166667 bodies = [[StaticBody:1394]]
SPDAOOOR = ===== 0.811041
0.166667 bodies = [[StaticBody:1394]]
SPDAOOOR = ===== 0.811041
0.166667 bodies = [[StaticBody:1394]]
SPDAOOOR = ===== 0.811041
0.166667 bodies = [[StaticBody:1394]]
SPDAOOOR = ===== 0.811041
0.166667 bodies = [[StaticBody:1394]]
SPDAOOOR = ===== 0.811041
0.166667 bodies = [[StaticBody:1394]]
SPDAOOOR = ===== 0.811041
0.166667 bodies = [[StaticBody:1394]]
SPDAOOOR = ===== 0.811041
0.166667 bodies = [[StaticBody:1394]]
SPDAOOOR = ===== 0.811041
0.166667 bodies = [[StaticBody:1394]]
SPDAOOOR = ===== 0.811041
0.166667 bodies = [[StaticBody:1394]]
SPDAOOOR = ===== 0.811041
0.166667 bodies = [[StaticBody:1394]]
SPDAOOOR = ===== 0.811041
0.166667 bodies = [[StaticBody:1394]]
SPDAOOOR = ===== 0.811041
0.166667 bodies = [[StaticBody:1394]]
SPDAOOOR = ===== 0.811041
0.166667 bodies = [[StaticBody:1394]]
SPDAOOOR = ===== 0.811041
0.166667 bodies = [[StaticBody:1394]]
SPDAOOOR = ===== 0.811041
0.166667 bodies = [[StaticBody:1394]]
SPDAOOOR = ===== 0.811041
0.166667 bodies = [[StaticBody:1394]]
SPDAOOOR = ===== 0.811041
0.166667 bodies = [[StaticBody:1394]]
SPDAOOOR = ===== 0.811041
0.166667 bodies = [[StaticBody:1394]]
SPDAOOOR = ===== 0.811041
0.166667 bodies = [[StaticBody:1394]]
SPDAOOOR = ===== 0.811041
0.166667 bodies = [[StaticBody:1394]]
SPDAOOOR = ===== 0.811041
0.166667 bodies = [[StaticBody:1394]]
SPDAOOOR = ===== 0.811041
0.166667 bodies = [[StaticBody:1394]]
SPDAOOOR = ===== 0.811041
0.166667 bodies = [[StaticBody:1394]]
SPDAOOOR = ===== 0.811041
0.166667 bodies = [[StaticBody:1394]]
SPDAOOOR = ===== 0.811041
0.166667 bodies = [[StaticBody:1394]]
SPDAOOOR = ===== 0.811041
0.166667 bodies = [[StaticBody:1394]]
SPDAOOOR = ===== 0.811041
0.166667 bodies = [[StaticBody:1394]]
SPDAOOOR = ===== 0.811041
0.166667 bodies = [[StaticBody:1394]]
SPDAOOOR = ===== 0.811041
0.166667 bodies = [[StaticBody:1394]]
SPDAOOOR = ===== 0.811041
0.166667 bodies = [[StaticBody:1394]]
SPDAOOOR = ===== 0.811041
0.166667 bodies = [[StaticBody:1394]]
SPDAOOOR = ===== 0.811041
0.166667 bodies = [[StaticBody:1394]]
SPDAOOOR = ===== 0.811041
0.166667 bodies = [[StaticBody:1394]]
SPDAOOOR = ===== 0.811041
0.166667 bodies = [[StaticBody:1394]]
SPDAOOOR = ===== 0.811041
0.166667 bodies = [[StaticBody:1394]]
SPDAOOOR = ===== 0.811041
0.166667 bodies = [[StaticBody:1394]]
SPDAOOOR = ===== 0.811041
0.166667 bodies = [[StaticBody:1394]]
SPDAOOOR = ===== 0.811041
0.166667 bodies = [[StaticBody:1394]]
SPDAOOOR = ===== 0.811041
0.166667 bodies = [[StaticBody:1394]]
SPDAOOOR = ===== 0.811041
0.166667 bodies = [[StaticBody:1394]]
SPDAOOOR = ===== 0.811041
0.166667 bodies = [[StaticBody:1394]]
SPDAOOOR = ===== 0.811041
0.166667 bodies = [[StaticBody:1394]]
SPDAOOOR = ===== 0.811041
0.166667 bodies = [[StaticBody:1394]]
SPDAOOOR = ===== 0.811041
0.166667 bodies = [[StaticBody:1394]]
SPDAOOOR = ===== 0.811041
0.166667 bodies = [[StaticBody:1394]]
SPDAOOOR = ===== 0.810998
0.177079 bodies = [[StaticBody:1394]]
SPDAOOOR = ===== 0.811394
0.166667 bodies = [[StaticBody:1394]]
SPDAOOOR = ===== 0.811041
0.166667 bodies = [[StaticBody:1394]]
SPDAOOOR = ===== 0.811041
0.166667 bodies = [[StaticBody:1394]]
SPDAOOOR = ===== 0.811041
0.166667 bodies = [[StaticBody:1394]]
SPDAOOOR = ===== 0.811041
0.166667 bodies = [[StaticBody:1394]]
SPDAOOOR = ===== 0.811041
0.166667 bodies = [[StaticBody:1394]]
SPDAOOOR = ===== 0.811041
0.166667 bodies = [[StaticBody:1394]]
SPDAOOOR = ===== 0.811041
0.166667 bodies = [[StaticBody:1394]]
SPDAOOOR = ===== 0.811041
0.166667 bodies = [[StaticBody:1394]]
SPDAOOOR = ===== 0.811041
0.166667 bodies = [[StaticBody:1394]]
SPDAOOOR = ===== 0.811041
0.166667 bodies = [[StaticBody:1394]]
SPDAOOOR = ===== 0.811041
0.166667 bodies = [[StaticBody:1394]]
SPDAOOOR = ===== 0.811041
0.166667 bodies = [[StaticBody:1394]]
SPDAOOOR = ===== 0.811041
0.166667 bodies = [[StaticBody:1394]]
SPDAOOOR = ===== 0.811041
0.166667 bodies = [[StaticBody:1394]]
SPDAOOOR = ===== 0.811041
0.166667 bodies = [[StaticBody:1394]]
SPDAOOOR = ===== 0.811041
0.166667 bodies = [[StaticBody:1394]]
SPDAOOOR = ===== 0.811041
0.166667 bodies = [[StaticBody:1394]]
SPDAOOOR = ===== 0.811041
0.166667 bodies = [[StaticBody:1394]]
SPDAOOOR = ===== 0.811041
0.166667 bodies = [[StaticBody:1394]]
SPDAOOOR = ===== 0.811041
0.166667 bodies = [[StaticBody:1394]]
SPDAOOOR = ===== 0.811041
0.166667 bodies = [[StaticBody:1394]]
SPDAOOOR = ===== 0.811041
0.166667 bodies = [[StaticBody:1394]]
SPDAOOOR = ===== 0.811041
0.166667 bodies = [[StaticBody:1394]]
SPDAOOOR = ===== 0.811041
0.166667 bodies = [[StaticBody:1394]]
SPDAOOOR = ===== 0.811041
0.166667 bodies = [[StaticBody:1394]]
SPDAOOOR = ===== 0.811041
0.166667 bodies = [[StaticBody:1394]]
SPDAOOOR = ===== 0.811041
0.166667 bodies = [[StaticBody:1394]]
SPDAOOOR = ===== 0.811041
0.166667 bodies = [[StaticBody:1394]]
SPDAOOOR = ===== 0.811041
0.166667 bodies = [[StaticBody:1394]]
SPDAOOOR = ===== 0.811041
0.166667 bodies = [[StaticBody:1394]]
SPDAOOOR = ===== 0.811041
0.166667 bodies = [[StaticBody:1394]]
SPDAOOOR = ===== 0.811041
0.166667 bodies = [[StaticBody:1394]]
SPDAOOOR = ===== 0.811041
0.166667 bodies = [[StaticBody:1394]]
SPDAOOOR = ===== 0.811041
0.166667 bodies = [[StaticBody:1394]]
SPDAOOOR = ===== 0.811041
0.166667 bodies = [[StaticBody:1394]]
SPDAOOOR = ===== 0.811041
0.166667 bodies = [[StaticBody:1394]]
SPDAOOOR = ===== 0.811041
0.166667 bodies = [[StaticBody:1394]]
SPDAOOOR = ===== 0.811041
0.166667 bodies = [[StaticBody:1394]]
SPDAOOOR = ===== 0.811041
0.166667 bodies = [[StaticBody:1394]]
SPDAOOOR = ===== 0.811041
0.166667 bodies = [[StaticBody:1394]]
SPDAOOOR = ===== 0.811041
0.166667 bodies = [[StaticBody:1394]]
SPDAOOOR = ===== 0.811041
0.166667 bodies = [[StaticBody:1394]]
SPDAOOOR = ===== 0.811041
0.166667 bodies = [[StaticBody:1394]]
SPDAOOOR = ===== 0.811041
0.166667 bodies = [[StaticBody:1394]]
SPDAOOOR = ===== 0.811041
0.166667 bodies = [[StaticBody:1394]]
SPDAOOOR = ===== 0.811041
0.166667 bodies = [[StaticBody:1394]]
SPDAOOOR = ===== 0.811041
0.166667 bodies = [[StaticBody:1394]]
SPDAOOOR = ===== 0.811041
0.166667 bodies = [[StaticBody:1394]]
SPDAOOOR = ===== 0.811041
0.166667 bodies = [[StaticBody:1394]]
SPDAOOOR = ===== 0.811041
0.166667 bodies = [[StaticBody:1394]]
SPDAOOOR = ===== 0.811041
0.166667 bodies = [[StaticBody:1394]]
SPDAOOOR = ===== 0.811041
0.166667 bodies = [[StaticBody:1394]]
SPDAOOOR = ===== 0.811041
0.166667 bodies = [[StaticBody:1394]]
SPDAOOOR = ===== 0.811041
0.166667 bodies = [[StaticBody:1394]]
SPDAOOOR = ===== 0.811041
0.166667 bodies = [[StaticBody:1394]]
SPDAOOOR = ===== 0.811041
0.166667 bodies = [[StaticBody:1394]]
SPDAOOOR = ===== 0.811041
0.166667 bodies = [[StaticBody:1394]]
SPDAOOOR = ===== 0.811041
0.166667 bodies = [[StaticBody:1394]]
SPDAOOOR = ===== 0.811041
0.166667 bodies = [[StaticBody:1394]]
SPDAOOOR = ===== 0.811041
0.166667 bodies = [[StaticBody:1394]]
SPDAOOOR = ===== 0.811041
0.166667 bodies = [[StaticBody:1394]]
SPDAOOOR = ===== 0.811041
0.166667 bodies = [[StaticBody:1394]]
SPDAOOOR = ===== 0.811041
0.166667 bodies = [[StaticBody:1394]]
SPDAOOOR = ===== 0.811041
0.166667 bodies = [[StaticBody:1394]]
SPDAOOOR = ===== 0.811041
0.166667 bodies = [[StaticBody:1394]]
SPDAOOOR = ===== 0.811041
0.166667 bodies = [[StaticBody:1394]]
SPDAOOOR = ===== 0.811041
0.166667 bodies = [[StaticBody:1394]]
SPDAOOOR = ===== 0.811041
0.166667 bodies = [[StaticBody:1394]]
SPDAOOOR = ===== 0.811041
0.166667 bodies = [[StaticBody:1394]]
SPDAOOOR = ===== 0.811041
0.166667 bodies = [[StaticBody:1394]]
SPDAOOOR = ===== 0.811041
0.166667 bodies = [[StaticBody:1394]]
SPDAOOOR = ===== 0.811041
0.166667 bodies = [[StaticBody:1394]]
SPDAOOOR = ===== 0.811041
0.166667 bodies = [[StaticBody:1394]]
SPDAOOOR = ===== 0.811041
0.166667 bodies = [[StaticBody:1394]]
SPDAOOOR = ===== 0.811041
0.166667 bodies = [[StaticBody:1394]]
SPDAOOOR = ===== 0.811041
0.166667 bodies = [[StaticBody:1394]]
SPDAOOOR = ===== 0.811041
0.166667 bodies = [[StaticBody:1394]]
SPDAOOOR = ===== 0.811041
0.166667 bodies = [[StaticBody:1394]]
SPDAOOOR = ===== 0.811041
0.166667 bodies = [[StaticBody:1394]]
SPDAOOOR = ===== 0.811041
0.166667 bodies = [[StaticBody:1394]]
SPDAOOOR = ===== 0.811041
0.166667 bodies = [[StaticBody:1394]]
SPDAOOOR = ===== 0.811041
0.166667 bodies = [[StaticBody:1394]]
SPDAOOOR = ===== 0.811041
0.166667 bodies = [[StaticBody:1394]]
SPDAOOOR = ===== 0.811041
0.166667 bodies = [[StaticBody:1394]]
SPDAOOOR = ===== 0.811041
0.166667 bodies = [[StaticBody:1394]]
SPDAOOOR = ===== 0.811041
0.166667 bodies = [[StaticBody:1394]]
SPDAOOOR = ===== 0.811041
0.166667 bodies = [[StaticBody:1394]]
SPDAOOOR = ===== 0.811041
0.166667 bodies = [[StaticBody:1394]]
SPDAOOOR = ===== 0.811041
0.166667 bodies = [[StaticBody:1394]]
SPDAOOOR = ===== 0.811041
0.166667 bodies = [[StaticBody:1394]]
SPDAOOOR = ===== 0.811041
0.166667 bodies = [[StaticBody:1394]]
SPDAOOOR = ===== 0.811041
0.166667 bodies = [[StaticBody:1394]]
SPDAOOOR = ===== 0.811041
0.166667 bodies = [[StaticBody:1394]]
SPDAOOOR = ===== 0.811041
0.166667 bodies = [[StaticBody:1394]]
SPDAOOOR = ===== 0.811041
0.166667 bodies = [[StaticBody:1394]]
SPDAOOOR = ===== 0.811041
0.166667 bodies = [[StaticBody:1394]]
SPDAOOOR = ===== 0.811041
0.166667 bodies = [[StaticBody:1394]]
SPDAOOOR = ===== 0.811041
0.166667 bodies = [[StaticBody:1394]]
SPDAOOOR = ===== 0.811041
0.166667 bodies = [[StaticBody:1394]]
SPDAOOOR = ===== 0.811041
0.166667 bodies = [[StaticBody:1394]]
SPDAOOOR = ===== 0.811041
0.166667 bodies = [[StaticBody:1394]]
SPDAOOOR = ===== 0.811041
0.166667 bodies = [[StaticBody:1394]]
SPDAOOOR = ===== 0.811041
0.166667 bodies = [[StaticBody:1394]]
SPDAOOOR = ===== 0.811041
0.166667 bodies = [[StaticBody:1394]]
SPDAOOOR = ===== 0.811041
0.166667 bodies = [[StaticBody:1394]]
SPDAOOOR = ===== 0.811041
0.166667 bodies = [[StaticBody:1394]]
SPDAOOOR = ===== 0.811041
0.166667 bodies = [[StaticBody:1394]]
SPDAOOOR = ===== 0.811041
0.166667 bodies = [[StaticBody:1394]]
SPDAOOOR = ===== 0.811041
0.166667 bodies = [[StaticBody:1394]]
SPDAOOOR = ===== 0.811041
0.166667 bodies = [[StaticBody:1394]]
SPDAOOOR = ===== 0.811041
0.166667 bodies = [[StaticBody:1394]]
SPDAOOOR = ===== 0.811041
0.166667 bodies = [[StaticBody:1394]]
SPDAOOOR = ===== 0.811041
0.166667 bodies = [[StaticBody:1394]]
SPDAOOOR = ===== 0.811041
0.166667 bodies = [[StaticBody:1394]]
SPDAOOOR = ===== 0.811041
0.166667 bodies = [[StaticBody:1394]]
SPDAOOOR = ===== 0.811041
0.166667 bodies = [[StaticBody:1394]]
SPDAOOOR = ===== 0.811041
0.166667 bodies = [[StaticBody:1394]]
SPDAOOOR = ===== 0.811041
0.166667 bodies = [[StaticBody:1394]]
SPDAOOOR = ===== 0.811041
0.166667 bodies = [[StaticBody:1394]]
SPDAOOOR = ===== 0.811041
0.166667 bodies = [[StaticBody:1394]]
SPDAOOOR = ===== 0.811041
0.166667 bodies = [[StaticBody:1394]]
SPDAOOOR = ===== 0.811041
0.166667 bodies = [[StaticBody:1394]]
SPDAOOOR = ===== 0.811041
0.166667 bodies = [[StaticBody:1394]]
SPDAOOOR = ===== 0.811041
0.166667 bodies = [[StaticBody:1394]]
SPDAOOOR = ===== 0.811041
0.166667 bodies = [[StaticBody:1394]]
SPDAOOOR = ===== 0.811041
0.166667 bodies = [[StaticBody:1394]]
SPDAOOOR = ===== 0.811041
0.166667 bodies = [[StaticBody:1394]]
SPDAOOOR = ===== 0.811041
0.166667 bodies = [[StaticBody:1394]]
SPDAOOOR = ===== 0.811041
0.166667 bodies = [[StaticBody:1394]]
SPDAOOOR = ===== 0.811041
0.166667 bodies = [[StaticBody:1394]]
SPDAOOOR = ===== 0.811041
0.166667 bodies = [[StaticBody:1394]]
SPDAOOOR = ===== 0.811041
0.166667 bodies = [[StaticBody:1394]]
SPDAOOOR = ===== 0.811041
0.166667 bodies = [[StaticBody:1394]]
SPDAOOOR = ===== 0.811041
0.166667 bodies = [[StaticBody:1394]]
SPDAOOOR = ===== 0.811041
0.166667 bodies = [[StaticBody:1394]]
SPDAOOOR = ===== 0.811041
0.166667 bodies = [[StaticBody:1394]]
SPDAOOOR = ===== 0.811041
0.166667 bodies = [[StaticBody:1394]]
SPDAOOOR = ===== 0.811041
0.166667 bodies = [[StaticBody:1394]]
SPDAOOOR = ===== 0.811041
0.166667 bodies = [[StaticBody:1394]]
SPDAOOOR = ===== 0.811041
0.166667 bodies = [[StaticBody:1394]]
SPDAOOOR = ===== 0.811041
0.166667 bodies = [[StaticBody:1394]]
SPDAOOOR = ===== 0.811041
0.166667 bodies = [[StaticBody:1394]]
SPDAOOOR = ===== 0.811041
0.166667 bodies = [[StaticBody:1394]]
SPDAOOOR = ===== 0.811041
0.166667 bodies = [[StaticBody:1394]]
SPDAOOOR = ===== 0.811041
0.166667 bodies = [[StaticBody:1394]]
SPDAOOOR = ===== 0.811041
0.166667 bodies = [[StaticBody:1394]]
SPDAOOOR = ===== 0.811041
0.166667 bodies = [[StaticBody:1394]]
SPDAOOOR = ===== 0.811041
0.166667 bodies = [[StaticBody:1394]]
SPDAOOOR = ===== 0.811041
0.166667 bodies = [[StaticBody:1394]]
SPDAOOOR = ===== 0.811041
0.166667 bodies = [[StaticBody:1394]]
SPDAOOOR = ===== 0.811041
0.166667 bodies = [[StaticBody:1394]]
SPDAOOOR = ===== 0.811041
0.166667 bodies = [[StaticBody:1394]]
SPDAOOOR = ===== 0.811041
0.166667 bodies = [[StaticBody:1394]]
SPDAOOOR = ===== 0.811041
0.166667 bodies = [[StaticBody:1394]]
SPDAOOOR = ===== 0.811041
0.166667 bodies = [[StaticBody:1394]]
SPDAOOOR = ===== 0.811041
0.166667 bodies = [[StaticBody:1394]]
SPDAOOOR = ===== 0.811041
0.166667 bodies = [[StaticBody:1394]]
SPDAOOOR = ===== 0.811041
0.166667 bodies = [[StaticBody:1394]]
SPDAOOOR = ===== 0.811041
0.166667 bodies = [[StaticBody:1394]]
SPDAOOOR = ===== 0.811041
0.166667 bodies = [[StaticBody:1394]]
SPDAOOOR = ===== 0.811041
0.166667 bodies = [[StaticBody:1394]]
SPDAOOOR = ===== 0.811041
0.166667 bodies = [[StaticBody:1394]]
SPDAOOOR = ===== 0.811041
0.166667 bodies = [[StaticBody:1394]]
