Godot Engine v3.2.3.stable.official - https://godotengine.org
OpenGL ES 3.0 Renderer: Radeon RX 570 Series
 
0.003329
(-0, 0, 0)
0.006076
(-0, 0.003329, 0)
0.006501
(-0, 0.006076, 0)
0.006854
(-0, 0.006501, 0)
0.007241
(-0, 0.006854, 0)
0.007619
(-0, 0.007241, 0)
0.008014
(-0, 0.007619, 0)
0.008392
(-0, 0.008014, 0)
0.008778
(-0, 0.008392, 0)
0.009157
(-0, 0.008778, 0)
0.009535
(-0, 0.009157, 0)
0.009913
(-0, 0.009535, 0)
0.010294
(-0, 0.009913, 0)
0.010672
(-0, 0.010294, 0)
0.011053
(-0, 0.010672, 0)
0.011431
(-0, 0.011053, 0)
0.01181
(-0, 0.011431, 0)
0.012188
(-0, 0.01181, 0)
0.012566
(-0, 0.012188, 0)
0.012945
(-0, 0.012566, 0)
0.013334
(-0, 0.012945, 0)
0.013713
(-0, 0.013334, 0)
0.014091
(-0, 0.013713, 0)
0.014469
(-0, 0.014091, 0)
0.014848
(-0, 0.014469, 0)
0.015226
(-0, 0.014848, 0)
0.015604
(-0, 0.015226, 0)
0.015983
(-0, 0.015604, 0)
0.016361
(-0, 0.015983, 0)
0.016739
(-0, 0.016361, 0)
0.017118
(-0, 0.016739, 0)
0.017496
(-0, 0.017118, 0)
0.017874
(-0, 0.017496, 0)
0.018253
(-0, 0.017874, 0)
0.018631
(-0, 0.018253, 0)
0.019009
(-0, 0.018631, 0)
0.019388
(-0, 0.019009, 0)
0.019766
(-0, 0.019388, 0)
0.020144
(-0, 0.019766, 0)
0.020522
(-0, 0.020144, 0)
0.020932
(-0, 0.020522, 0)
0.021311
(-0, 0.020932, 0)
0.021689
(-0, 0.021311, 0)
0.022067
(-0, 0.021689, 0)
0.022446
(-0, 0.022067, 0)
0.022824
(-0, 0.022446, 0)
0.023202
(-0, 0.022824, 0)
0.023581
(-0, 0.023202, 0)
0.023959
(-0, 0.023581, 0)
0.024337
(-0, 0.023959, 0)
0.024715
(-0, 0.024337, 0)
0.025094
(-0, 0.024715, 0)
0.025472
(-0, 0.025094, 0)
0.02585
(-0, 0.025472, 0)
0.026229
(-0, 0.02585, 0)
0.026607
(-0, 0.026229, 0)
0.026985
(-0, 0.026607, 0)
0.027364
(-0, 0.026985, 0)
0.027742
(-0, 0.027364, 0)
0.02812
(-0, 0.027742, 0)
0.028499
(-0, 0.02812, 0)
0.028877
(-0, 0.028499, 0)
0.029255
(-0, 0.028877, 0)
0.029634
(-0, 0.029255, 0)
0.030012
(-0, 0.029634, 0)
0.03039
(-0, 0.030012, 0)
0.030769
(-0, 0.03039, 0)
0.031147
(-0, 0.030769, 0)
0.031537
(-0, 0.031147, 0)
0.031916
(-0, 0.031537, 0)
0.032294
(-0, 0.031916, 0)
0.032672
(-0, 0.032294, 0)
0.033051
(-0, 0.032672, 0)
0.033429
(-0, 0.033051, 0)
0.033807
(-0, 0.033429, 0)
0.034186
(-0, 0.033807, 0)
0.034564
(-0, 0.034186, 0)
0.034942
(-0, 0.034564, 0)
0.03532
(-0, 0.034942, 0)
0.035699
(-0, 0.03532, 0)
0.036077
(-0, 0.035699, 0)
0.036455
(-0, 0.036077, 0)
0.036834
(-0, 0.036455, 0)
0.037212
(-0, 0.036834, 0)
0.03759
(-0, 0.037212, 0)
0.037969
(-0, 0.03759, 0)
0.038347
(-0, 0.037969, 0)
0.038725
(-0, 0.038347, 0)
0.039104
(-0, 0.038725, 0)
0.039482
(-0, 0.039104, 0)
0.03986
(-0, 0.039482, 0)
0.040239
(-0, 0.03986, 0)
0.040617
(-0, 0.040239, 0)
0.040995
(-0, 0.040617, 0)
0.041374
(-0, 0.040995, 0)
0.041752
(-0, 0.041374, 0)
0.04213
(-0, 0.041752, 0)
0.042508
(-0, 0.04213, 0)
0.042887
(-0, 0.042508, 0)
0.043265
(-0, 0.042887, 0)
0.043643
(-0, 0.043265, 0)
0.044022
(-0, 0.043643, 0)
0.0444
(-0, 0.044022, 0)
0.044778
(-0, 0.0444, 0)
0.045157
(-0, 0.044778, 0)
0.045535
(-0, 0.045157, 0)
0.045913
(-0, 0.045535, 0)
0.046292
(-0, 0.045913, 0)
0.04667
(-0, 0.046292, 0)
0.047048
(-0, 0.04667, 0)
0.047427
(-0, 0.047048, 0)
0.047805
(-0, 0.047427, 0)
0.048183
(-0, 0.047805, 0)
0.048562
(-0, 0.048183, 0)
0.04894
(-0, 0.048562, 0)
0.049318
(-0, 0.04894, 0)
0.049696
(-0, 0.049318, 0)
0.050075
(-0, 0.049696, 0)
0.050453
(-0, 0.050075, 0)
0.050831
(-0, 0.050453, 0)
0.05121
(-0, 0.050831, 0)
0.051588
(-0, 0.05121, 0)
0.051966
(-0, 0.051588, 0)
0.052345
(-0, 0.051966, 0)
0.052723
(-0, 0.052345, 0)
0.053101
(-0, 0.052723, 0)
0.05348
(-0, 0.053101, 0)
0.053858
(-0, 0.05348, 0)
0.054236
(-0, 0.053858, 0)
0.054615
(-0, 0.054236, 0)
0.054993
(-0, 0.054615, 0)
0.055371
(-0, 0.054993, 0)
0.055749
(-0, 0.055371, 0)
0.056128
(-0, 0.055749, 0)
0.056506
(-0, 0.056128, 0)
0.056884
(-0, 0.056506, 0)
0.057263
(-0, 0.056884, 0)
0.057641
(-0, 0.057263, 0)
0.058019
(-0, 0.057641, 0)
0.058398
(-0, 0.058019, 0)
0.058776
(-0, 0.058398, 0)
0.059154
(-0, 0.058776, 0)
0.059533
(-0, 0.059154, 0)
0.059911
(-0, 0.059533, 0)
0.060289
(-0, 0.059911, 0)
0.060668
(-0, 0.060289, 0)
0.061046
(-0, 0.060668, 0)
0.061424
(-0, 0.061046, 0)
0.061803
(-0, 0.061424, 0)
0.062181
(-0, 0.061803, 0)
0.062559
(-0, 0.062181, 0)
0.062938
(-0, 0.062559, 0)
0.063316
(-0, 0.062938, 0)
0.063694
(-0, 0.063316, 0)
0.064072
(-0, 0.063694, 0)
0.064451
(-0, 0.064072, 0)
0.064829
(-0, 0.064451, 0)
0.065207
(-0, 0.064829, 0)
0.065586
(-0, 0.065207, 0)
0.065964
(-0, 0.065586, 0)
0.066342
(-0, 0.065964, 0)
0.066721
(-0, 0.066342, 0)
0.067099
(-0, 0.066721, 0)
0.067477
(-0, 0.067099, 0)
0.067856
(-0, 0.067477, 0)
0.068234
(-0, 0.067856, 0)
0.068612
(-0, 0.068234, 0)
0.06899
(-0, 0.068612, 0)
0.069369
(-0, 0.06899, 0)
0.069747
(-0, 0.069369, 0)
0.070125
(-0, 0.069747, 0)
0.070504
(-0, 0.070125, 0)
0.070882
(-0, 0.070504, 0)
0.07126
(-0, 0.070882, 0)
0.071639
(-0, 0.07126, 0)
0.072017
(-0, 0.071639, 0)
0.072395
(-0, 0.072017, 0)
0.073015
(-0, 0.072395, 0)
0.073425
(-0, 0.073015, 0)
0.073811
(-0, 0.073425, 0)
0.074213
(-0, 0.073811, 0)
0.074591
(-0, 0.074213, 0)
0.074983
(-0, 0.074591, 0)
0.075362
(-0, 0.074983, 0)
0.075751
(-0, 0.075362, 0)
0.076129
(-0, 0.075751, 0)
0.076507
(-0, 0.076129, 0)
0.076885
(-0, 0.076507, 0)
0.077264
(-0, 0.076885, 0)
0.077642
(-0, 0.077264, 0)
0.07802
(-0, 0.077642, 0)
0.078399
(-0, 0.07802, 0)
0.078777
(-0, 0.078399, 0)
0.079155
(-0, 0.078777, 0)
0.079534
(-0, 0.079155, 0)
0.079912
(-0, 0.079534, 0)
0.08029
(-0, 0.079912, 0)
0.080669
(-0, 0.08029, 0)
0.081047
(-0, 0.080669, 0)
0.081425
(-0, 0.081047, 0)
0.081804
(-0, 0.081425, 0)
0.082182
(-0, 0.081804, 0)
0.08256
(-0, 0.082182, 0)
0.082938
(-0, 0.08256, 0)
0.083317
(-0, 0.082938, 0)
0.083695
(-0, 0.083317, 0)
0.084073
(-0, 0.083695, 0)
0.084452
(-0, 0.084073, 0)
0.08483
(-0, 0.084452, 0)
0.085208
(-0, 0.08483, 0)
0.085587
(-0, 0.085208, 0)
0.085965
(-0, 0.085587, 0)
0.086343
(-0, 0.085965, 0)
0.086722
(-0, 0.086343, 0)
0.0871
(-0, 0.086722, 0)
0.087478
(-0, 0.0871, 0)
0.087478
(-0, 0.087478, 0)
0.086955
(-0, 0.087478, 0)
0.086198
(0.000377, 0.086955, 0)
0.085456
(0.000761, 0.086198, -0)
0.084632
(0.001138, 0.085456, -0)
0.083507
(0.001514, 0.084632, -0)
0.082123
(0.001514, 0.083507, -0)
0.080106
(0.001514, 0.082123, -0)
0.077325
(0.001514, 0.080106, -0)
0.07325
(0.001514, 0.077325, -0)
0.067508
(0.001514, 0.07325, -0)
0.0601
(0.001514, 0.067508, -0)
0.051025
(0.001514, 0.0601, -0)
0.040284
(0.001514, 0.051025, -0)
0.027876
(0.001514, 0.040284, -0)
0.013801
(0.001514, 0.027876, -0)
-0.001941
(0.001514, 0.013801, -0)
-0.019349
(0.001514, -0.001941, -0)
-0.038424
(0.001514, -0.019349, -0)
-0.059165
(0.001514, -0.038424, -0)
-0.081573
(0.001514, -0.059165, -0)
-0.105648
(0.001514, -0.081573, -0)
-0.13139
(0.001514, -0.105648, -0)
-0.158798
(0.001514, -0.13139, -0)
-0.187873
(0.001514, -0.158798, -0)
-0.218614
(0.001514, -0.187873, -0)
-0.251022
(0.001514, -0.218614, -0)
-0.285097
(0.001514, -0.251022, -0)
-0.320839
(0.001514, -0.285097, -0)
-0.360227
(0.001514, -0.320839, -0)
-0.399301
(0.001514, -0.360227, -0)
-0.440043
(0.001514, -0.399301, -0)
-0.48171
(0.001514, -0.440043, -0)
-0.523376
(0.001514, -0.48171, -0)
-0.565043
(0.001514, -0.523376, -0)
-0.60671
(0.001514, -0.565043, -0)
-0.648376
(0.001514, -0.60671, -0)
-0.690043
(0.001514, -0.648376, -0)
-0.73171
(0.001514, -0.690043, -0)
-0.773376
(0.001514, -0.73171, -0)
-0.815043
(0.001514, -0.773376, -0)
-0.85671
(0.001514, -0.815043, -0)
-0.898376
(0.001514, -0.85671, -0)
-0.940043
(0.001514, -0.898376, -0)
-0.98171
(0.001514, -0.940043, -0)
-1.023376
(0.001514, -0.98171, -0)
-1.065043
(0.001514, -1.023376, -0)
-1.10671
(0.001514, -1.065043, -0)
-1.148376
(0.001514, -1.10671, -0)
-1.190043
(0.001514, -1.148376, -0)
-1.23171
(0.001514, -1.190043, -0)
-1.273376
(0.001514, -1.23171, -0)
-1.315043
(0.001514, -1.273376, -0)
-1.35671
(0.001514, -1.315043, -0)
-1.398376
(0.001514, -1.35671, -0)
-1.440043
(0.001514, -1.398376, -0)
-1.48171
(0.001514, -1.440043, -0)
-1.523376
(0.001514, -1.48171, -0)
-1.565043
(0.001514, -1.523376, -0)
-1.60671
(0.001514, -1.565043, -0)
-1.648376
(0.001514, -1.60671, -0)
-1.690043
(0.001514, -1.648376, -0)
-1.73171
(0.001514, -1.690043, -0)
-1.773376
(0.001514, -1.73171, -0)
-1.815043
(0.001514, -1.773376, -0)
-1.85671
(0.001514, -1.815043, -0)
-1.898376
(0.001514, -1.85671, -0)
-1.940043
(0.001514, -1.898376, -0)
-1.98171
(0.001514, -1.940043, -0)
-2.023376
(0.001514, -1.98171, -0)
-2.065043
(0.001514, -2.023376, -0)
-2.10671
(0.001514, -2.065043, -0)
-2.148376
(0.001514, -2.10671, -0)
-2.190043
(0.001514, -2.148376, -0)
-2.23171
(0.001514, -2.190043, -0)
-2.273376
(0.001514, -2.23171, -0)
-2.315043
(0.001514, -2.273376, -0)
-2.35671
(0.001514, -2.315043, -0)
-2.398376
(0.001514, -2.35671, -0)
-2.440043
(0.001514, -2.398376, -0)
-2.48171
(0.001514, -2.440043, -0)
-2.523376
(0.001514, -2.48171, -0)
-2.565043
(0.001514, -2.523376, -0)
-2.60671
(0.001514, -2.565043, -0)
-2.648376
(0.001514, -2.60671, -0)
-2.690043
(0.001514, -2.648376, -0)
-2.73171
(0.001514, -2.690043, -0)
-2.773376
(0.001514, -2.73171, -0)
-2.815043
(0.001514, -2.773376, -0)
-2.85671
(0.001514, -2.815043, -0)
-2.898376
(0.001514, -2.85671, -0)
-2.940043
(0.001514, -2.898376, -0)
-2.98171
(0.001514, -2.940043, -0)
-3.023376
(0.001514, -2.98171, -0)
-3.065043
(0.001514, -3.023376, -0)
-3.10671
(0.001514, -3.065043, -0)
3.134809
(0.001514, -3.10671, -0)
3.093142
(0.001514, 3.134809, -0)
3.051476
(0.001514, 3.093142, -0)
3.009809
(0.001514, 3.051476, -0)
2.968142
(0.001514, 3.009809, -0)
2.926476
(0.001514, 2.968142, -0)
2.884809
(0.001514, 2.926476, -0)
2.843142
(0.001514, 2.884809, -0)
2.801476
(0.001514, 2.843142, -0)
2.759809
(0.001514, 2.801476, -0)
2.718142
(0.001514, 2.759809, -0)
2.676476
(0.001514, 2.718142, -0)
2.634809
(0.001514, 2.676476, -0)
2.593142
(0.001514, 2.634809, -0)
2.551476
(0.001514, 2.593142, -0)
2.509809
(0.001514, 2.551476, -0)
2.468142
(0.001514, 2.509809, -0)
2.426476
(0.001514, 2.468142, -0)
2.384809
(0.001514, 2.426476, -0)
2.343143
(0.001514, 2.384809, -0)
2.301476
(0.001514, 2.343143, -0)
2.259809
(0.001514, 2.301476, -0)
2.218142
(0.001514, 2.259809, -0)
2.176476
(0.001514, 2.218142, -0)
2.134809
(0.001514, 2.176476, -0)
2.093142
(0.001514, 2.134809, -0)
2.051476
(0.001514, 2.093142, -0)
2.009809
(0.001514, 2.051476, -0)
1.968142
(0.001514, 2.009809, -0)
1.926476
(0.001514, 1.968142, -0)
1.884809
(0.001514, 1.926476, -0)
1.843142
(0.001514, 1.884809, -0)
1.801476
(0.001514, 1.843142, -0)
1.759809
(0.001514, 1.801476, -0)
1.718142
(0.001514, 1.759809, -0)
1.676476
(0.001514, 1.718142, -0)
1.634809
(0.001514, 1.676476, -0)
1.593142
(0.001514, 1.634809, -0)
1.551476
(0.001514, 1.593142, -0)
1.509809
(0.001514, 1.551476, -0)
1.468142
(0.001514, 1.509809, -0)
1.426476
(0.001514, 1.468142, -0)
1.384809
(0.001514, 1.426476, -0)
1.343142
(0.001514, 1.384809, -0)
1.301476
(0.001514, 1.343142, -0)
1.259809
(0.001514, 1.301476, -0)
1.189192
(0.001514, 1.259809, -0)
1.144053
(0.001514, 1.189192, -0)
1.099889
(0.001514, 1.144053, -0)
1.054766
(0.001514, 1.099889, -0)
1.013099
(0.001514, 1.054766, -0)
0.971433
(0.001514, 1.013099, -0)
0.929766
(0.001514, 0.971433, -0)
0.888084
(0.001514, 0.929766, -0)
0.846417
(0.001514, 0.888084, -0)
0.80475
(0.001514, 0.846417, -0)
0.763084
(0.001514, 0.80475, -0)
0.720729
(0.001514, 0.763084, -0)
0.679062
(0.001514, 0.720729, -0)
0.637395
(0.001514, 0.679062, -0)
0.595729
(0.001514, 0.637395, -0)
0.554062
(0.001514, 0.595729, -0)
0.512395
(0.001514, 0.554062, -0)
0.470729
(0.001514, 0.512395, -0)
0.429062
(0.00116, 0.470729, 0)
0.387395
(0.000806, 0.429062, 0)
0.345729
(0.000451, 0.387395, 0)
0.304062
(0.000097, 0.345729, 0)
0.262395
(-0.000257, 0.304062, 0)
0.220729
(-0.000612, 0.262395, 0)
0.179062
(-0.000966, 0.220729, 0)
0.137395
(-0.00132, 0.179062, 0)
0.092256
(-0.001674, 0.137395, 0)
0.05059
(-0.002058, 0.092256, 0)
0.008923
(-0.002413, 0.05059, 0)
-0.032744
(-0.002767, 0.008923, 0)
-0.07441
(-0.003121, -0.032744, 0)
-0.116077
(-0.003476, -0.07441, 0)
-0.157744
(-0.00383, -0.116077, 0)
-0.19941
(-0.004184, -0.157744, 0)
-0.241077
(-0.004538, -0.19941, 0)
-0.282744
(-0.004893, -0.241077, 0)
-0.32441
(-0.005247, -0.282744, 0)
-0.366077
(-0.005601, -0.32441, 0)
-0.407744
(-0.005956, -0.366077, 0)
-0.44941
(-0.00631, -0.407744, 0)
-0.491077
(-0.006664, -0.44941, 0)
-0.532744
(-0.007019, -0.491077, 0)
-0.57441
(-0.007373, -0.532744, -0)
-0.616077
(-0.007727, -0.57441, -0)
-0.657743
(-0.008082, -0.616077, -0)
-0.69941
(-0.008436, -0.657743, -0)
-0.741077
(-0.00879, -0.69941, -0)
-0.782743
(-0.009144, -0.741077, 0)
-0.82441
(-0.009499, -0.782743, 0)
-0.866077
(-0.009853, -0.82441, 0)
-0.907743
(-0.010207, -0.866077, 0)
-0.94941
(-0.010562, -0.907743, 0)
-0.991077
(-0.010916, -0.94941, 0)
-1.032743
(-0.01127, -0.991077, 0)
-1.07441
(-0.011625, -1.032743, 0)
-1.116077
(-0.011979, -1.07441, 0)
-1.157743
(-0.012333, -1.116077, 0)
-1.19941
(-0.012688, -1.157743, 0)
-1.241077
(-0.013042, -1.19941, 0)
-1.282744
(-0.013396, -1.241077, 0)
-1.32441
(-0.013751, -1.282744, 0)
-1.366077
(-0.014105, -1.32441, 0)
-1.407744
(-0.014459, -1.366077, 0)
-1.44941
(-0.014813, -1.407744, 0)
-1.491077
(-0.015168, -1.44941, 0)
-1.532744
(-0.015522, -1.491077, 0)
-1.57441
(-0.015876, -1.532744, 0)
-1.616077
(-0.016231, -1.57441, 0)
-1.657744
(-0.016585, -1.616077, 0)
-1.69941
(-0.016939, -1.657744, 0)
-1.741077
(-0.017294, -1.69941, 0)
-1.782744
(-0.017648, -1.741077, 0)
-1.82441
(-0.018002, -1.782744, 0)
-1.866077
(-0.018357, -1.82441, 0)
-1.907743
(-0.018711, -1.866077, 0)
-1.94941
(-0.019065, -1.907743, 0)
-1.991077
(-0.019419, -1.94941, 0)
-2.032743
(-0.019774, -1.991077, 0)
-2.07441
(-0.020128, -2.032743, 0)
-2.116077
(-0.020482, -2.07441, 0)
-2.157743
(-0.020837, -2.116077, 0)
-2.19941
(-0.021191, -2.157743, 0)
-2.241077
(-0.021545, -2.19941, 0)
-2.282743
(-0.0219, -2.241077, 0)
-2.32441
(-0.022254, -2.282743, 0)
-2.366077
(-0.022608, -2.32441, 0)
-2.407743
(-0.022963, -2.366077, 0)
-2.44941
(-0.023317, -2.407743, 0)
-2.491077
(-0.023671, -2.44941, 0)
-2.532743
(-0.024025, -2.491077, 0)
-2.57441
(-0.02438, -2.532743, 0)
-2.616077
(-0.024734, -2.57441, 0)
-2.657744
(-0.025088, -2.616077, 0)
-2.69941
(-0.025443, -2.657744, 0)
-2.741077
(-0.025797, -2.69941, 0)
-2.782743
(-0.026151, -2.741077, 0)
-2.82441
(-0.026506, -2.782743, 0)
-2.866077
(-0.02686, -2.82441, 0)
-2.907744
(-0.027214, -2.866077, 0)
-2.94941
(-0.027569, -2.907744, 0)
-2.991077
(-0.027923, -2.94941, 0)
-3.032743
(-0.028277, -2.991077, 0)
-3.07441
(-0.028631, -3.032743, 0)
-3.116077
(-0.028986, -3.07441, 0)
3.125442
(-0.02934, -3.116077, 0)
3.083775
(-0.029694, 3.125442, 0)
3.042108
(-0.030049, 3.083775, 0)
3.000442
(-0.030403, 3.042108, 0)
2.958775
(-0.030757, 3.000442, 0)
2.917108
(-0.031112, 2.958775, 0)
2.875442
(-0.031466, 2.917108, 0)
2.833775
(-0.03182, 2.875442, 0)
2.792109
(-0.032175, 2.833775, 0)
2.750442
(-0.032529, 2.792109, 0)
2.708775
(-0.032883, 2.750442, 0)
2.667109
(-0.033238, 2.708775, 0)
2.625442
(-0.033592, 2.667109, 0)
2.583775
(-0.033946, 2.625442, 0)
2.542109
(-0.0343, 2.583775, 0)
2.500442
(-0.034655, 2.542109, 0)
2.458775
(-0.035009, 2.500442, 0)
2.417109
(-0.035363, 2.458775, 0)
2.375442
(-0.035718, 2.417109, 0)
2.333776
(-0.036072, 2.375442, 0)
2.292109
(-0.036426, 2.333776, 0)
2.250442
(-0.036781, 2.292109, 0)
2.208775
(-0.037135, 2.250442, 0)
2.167109
(-0.037489, 2.208775, 0)
2.125442
(-0.037844, 2.167109, 0)
2.083775
(-0.038198, 2.125442, 0)
2.042109
(-0.038552, 2.083775, 0)
2.000442
(-0.038906, 2.042109, 0)
1.958775
(-0.039261, 2.000442, 0)
1.917109
(-0.039615, 1.958775, 0)
1.875442
(-0.039969, 1.917109, 0)
1.833775
(-0.040324, 1.875442, 0)
1.792109
(-0.040678, 1.833775, 0)
1.750442
(-0.041032, 1.792109, 0)
1.708775
(-0.041387, 1.750442, 0)
1.667109
(-0.041741, 1.708775, 0)
1.625442
(-0.042095, 1.667109, 0)
1.583775
(-0.04245, 1.625442, 0)
1.542109
(-0.042804, 1.583775, 0)
1.500442
(-0.043158, 1.542109, 0)
1.458775
(-0.043512, 1.500442, 0)
1.417109
(-0.043867, 1.458775, 0)
1.375442
(-0.044221, 1.417109, 0)
1.333775
(-0.044575, 1.375442, 0)
1.264044
(-0.04493, 1.333775, 0)
1.218905
(-0.045523, 1.264044, 0)
1.175932
(-0.045907, 1.218905, 0)
1.130793
(-0.046272, 1.175932, 0)
1.089126
(-0.046656, 1.130793, 0)
1.04746
(-0.04701, 1.089126, 0)
1.005793
(-0.047364, 1.04746, 0)
0.963664
(-0.047719, 1.005793, 0)
0.921998
(-0.048077, 0.963664, 0)
0.879982
(-0.048431, 0.921998, 0)
0.838315
(-0.048789, 0.879982, 0)
0.796649
(-0.049143, 0.838315, 0)
0.754982
(-0.049497, 0.796649, 0)
0.713315
(-0.049851, 0.754982, 0)
0.671649
(-0.050206, 0.713315, 0)
0.629982
(-0.05056, 0.671649, 0)
0.588315
(-0.050914, 0.629982, 0)
0.546648
(-0.051269, 0.588315, 0)
0.504982
(-0.051623, 0.546648, 0)
0.463054
(-0.051977, 0.504982, 0)
0.421388
(-0.052334, 0.463054, 0)
0.379721
(-0.052688, 0.421388, 0)
0.338054
(-0.053042, 0.379721, 0)
0.296388
(-0.053397, 0.338054, 0)
0.254721
(-0.053751, 0.296388, 0)
0.213054
(-0.054105, 0.254721, 0)
0.171388
(-0.05446, 0.213054, 0)
0.129721
(-0.054814, 0.171388, 0)
0.088054
(-0.055168, 0.129721, 0)
0.046388
(-0.055523, 0.088054, 0)
0.004721
(-0.055877, 0.046388, 0)
-0.037411
(-0.056231, 0.004721, 0)
-0.079077
(-0.056589, -0.037411, 0)
-0.120744
(-0.056944, -0.079077, 0)
-0.162411
(-0.057298, -0.120744, 0)
-0.204077
(-0.057652, -0.162411, 0)
-0.245744
(-0.058007, -0.204077, 0)
-0.287411
(-0.058361, -0.245744, 0)
-0.329077
(-0.058715, -0.287411, 0)
-0.370744
(-0.05907, -0.329077, 0)
-0.412411
(-0.059424, -0.370744, 0)
-0.454077
(-0.059778, -0.412411, 0)
-0.495744
(-0.060133, -0.454077, 0)
-0.537411
(-0.060487, -0.495744, 0)
-0.579077
(-0.060841, -0.537411, 0)
-0.622493
(-0.061196, -0.579077, 0)
-0.66416
(-0.061565, -0.622493, 0)
-0.705826
(-0.061919, -0.66416, 0)
-0.747493
(-0.062273, -0.705826, 0)
-0.78916
(-0.062628, -0.747493, 0)
-0.830826
(-0.062982, -0.78916, 0)
-0.874693
(-0.063336, -0.830826, 0)
-0.91636
(-0.063709, -0.874693, 0)
-0.958027
(-0.064064, -0.91636, 0)
-0.999693
(-0.064418, -0.958027, 0)
-1.04136
(-0.064772, -0.999693, 0)
-1.083027
(-0.065126, -1.04136, 0)
-1.124693
(-0.065481, -1.083027, 0)
-1.16636
(-0.065835, -1.124693, 0)
-1.208027
(-0.066189, -1.16636, 0)
-1.249693
(-0.066189, -1.208027, 0)
-1.289693
(-0.066189, -1.249693, 0)
-1.328027
(-0.065824, -1.289693, 0)
-1.364693
(-0.065458, -1.328027, 0)
-1.399693
(-0.065093, -1.364693, 0)
-1.433027
(-0.064727, -1.399693, 0)
-1.464693
(-0.064362, -1.433027, 0)
-1.494693
(-0.063996, -1.464693, 0)
-1.523027
(-0.063631, -1.494693, 0)
-1.549693
(-0.063265, -1.523027, 0)
-1.574693
(-0.0629, -1.549693, 0)
-1.598027
(-0.062534, -1.574693, 0)
-1.619693
(-0.062169, -1.598027, 0)
-1.639693
(-0.061803, -1.619693, 0)
-1.658027
(-0.061438, -1.639693, 0)
-1.674693
(-0.061072, -1.658027, 0)
-1.689693
(-0.060707, -1.674693, 0)
-1.703027
(-0.060341, -1.689693, 0)
-1.714693
(-0.059976, -1.703027, 0)
-1.724693
(-0.05961, -1.714693, 0)
-1.733027
(-0.059245, -1.724693, 0)
-1.739693
(-0.058879, -1.733027, 0)
-1.744693
(-0.058514, -1.739693, 0)
-1.748027
(-0.058148, -1.744693, 0)
-1.749693
(-0.057783, -1.748027, 0)
-1.749693
(-0.057417, -1.749693, 0)
-1.749693
(-0.057052, -1.749693, 0)
-1.749693
(-0.056686, -1.749693, 0)
-1.749693
(-0.056321, -1.749693, 0)
-1.749693
(-0.055955, -1.749693, 0)
-1.749693
(-0.05559, -1.749693, 0)
-1.749693
(-0.055224, -1.749693, 0)
-1.749693
(-0.054859, -1.749693, 0)
-1.749693
(-0.054493, -1.749693, 0)
-1.749693
(-0.054128, -1.749693, 0)
-1.749693
(-0.053762, -1.749693, 0)
-1.749693
(-0.053397, -1.749693, 0)
-1.749693
(-0.053031, -1.749693, 0)
-1.749693
(-0.052666, -1.749693, 0)
-1.749693
(-0.0523, -1.749693, 0)
-1.749693
(-0.051934, -1.749693, 0)
-1.749693
(-0.051569, -1.749693, 0)
-1.749693
(-0.051203, -1.749693, 0)
-1.749693
(-0.050838, -1.749693, 0)
-1.749693
(-0.050472, -1.749693, 0)
-1.749693
(-0.050107, -1.749693, 0)
-1.749693
(-0.049741, -1.749693, 0)
-1.749693
(-0.049376, -1.749693, 0)
-1.749693
(-0.04901, -1.749693, 0)
-1.749693
(-0.048645, -1.749693, 0)
-1.749693
(-0.048279, -1.749693, 0)
-1.749693
(-0.047914, -1.749693, 0)
-1.749693
(-0.047548, -1.749693, 0)
-1.749693
(-0.047183, -1.749693, 0)
-1.749693
(-0.046817, -1.749693, 0)
-1.749693
(-0.046452, -1.749693, 0)
-1.749693
(-0.046086, -1.749693, 0)
-1.749693
(-0.045721, -1.749693, 0)
-1.749693
(-0.045355, -1.749693, 0)
-1.749693
(-0.04499, -1.749693, 0)
-1.749693
(-0.044624, -1.749693, 0)
-1.749693
(-0.044259, -1.749693, 0)
-1.749693
(-0.043893, -1.749693, 0)
-1.749693
(-0.043528, -1.749693, 0)
-1.749693
(-0.043162, -1.749693, 0)
-1.749693
(-0.042797, -1.749693, 0)
-1.749693
(-0.042431, -1.749693, 0)
-1.749693
(-0.042066, -1.749693, 0)
-1.749693
(-0.0417, -1.749693, 0)
-1.749693
(-0.041335, -1.749693, 0)
-1.749693
(-0.040951, -1.749693, 0)
-1.749693
(-0.040585, -1.749693, 0)
-1.749693
(-0.04022, -1.749693, 0)
-1.749693
(-0.039854, -1.749693, 0)
-1.749693
(-0.039489, -1.749693, 0)
-1.749693
(-0.039123, -1.749693, 0)
-1.749693
(-0.038758, -1.749693, 0)
-1.749693
(-0.038392, -1.749693, 0)
