Godot Engine v3.2.3.stable.official - https://godotengine.org
OpenGL ES 3.0 Renderer: Radeon RX 570 Series
 
SPDAOOOR = ===== 0.06307
True i = 5 g = 0.5 w = False
SPDAOOOR = ===== 0.056597
True i = 5 g = 0.5 w = False
SPDAOOOR = ===== 0.014602
True i = 5 g = 0.5 w = False
SPDAOOOR = ===== 0.003564
True i = 5 g = 0.5 w = False
SPDAOOOR = ===== 0.007463
True i = 5 g = 0.5 w = False
SPDAOOOR = ===== 0.007153
True i = 5 g = 0.5 w = False
SPDAOOOR = ===== 0.007355
True i = 5 g = 0.5 w = False
SPDAOOOR = ===== 0.00735
True i = 5 g = 0.5 w = False
SPDAOOOR = ===== 0.007344
True i = 5 g = 0.5 w = False
SPDAOOOR = ===== 0.007338
True i = 5 g = 0.5 w = False
SPDAOOOR = ===== 0.007331
True i = 5 g = 0.5 w = False
SPDAOOOR = ===== 0.007323
True i = 5 g = 0.5 w = False
SPDAOOOR = ===== 0.007315
True i = 5 g = 0.5 w = False
SPDAOOOR = ===== 0.007307
True i = 5 g = 0.5 w = False
SPDAOOOR = ===== 0.007297
True i = 5 g = 0.5 w = False
SPDAOOOR = ===== 0.007288
True i = 5 g = 0.5 w = False
SPDAOOOR = ===== 0.007278
True i = 5 g = 0.5 w = False
SPDAOOOR = ===== 0.007267
True i = 5 g = 0.5 w = False
SPDAOOOR = ===== 0.007256
True i = 5 g = 0.5 w = False
SPDAOOOR = ===== 0.007245
True i = 5 g = 0.5 w = False
SPDAOOOR = ===== 0.007232
True i = 5 g = 0.5 w = False
SPDAOOOR = ===== 0.00722
True i = 5 g = 0.5 w = False
SPDAOOOR = ===== 0.007207
True i = 5 g = 0.5 w = False
SPDAOOOR = ===== 0.007193
True i = 5 g = 0.5 w = False
SPDAOOOR = ===== 0.007179
True i = 5 g = 0.5 w = False
SPDAOOOR = ===== 0.007164
True i = 5 g = 0.5 w = False
SPDAOOOR = ===== 0.007149
True i = 5 g = 0.5 w = False
SPDAOOOR = ===== 0.007134
True i = 5 g = 0.5 w = False
SPDAOOOR = ===== 0.007117
True i = 5 g = 0.5 w = False
SPDAOOOR = ===== 0.007101
True i = 5 g = 0.5 w = False
SPDAOOOR = ===== 0.007084
True i = 5 g = 0.5 w = False
SPDAOOOR = ===== 0.007066
True i = 5 g = 0.5 w = False
SPDAOOOR = ===== 0.007048
True i = 5 g = 0.5 w = False
SPDAOOOR = ===== 0.007029
True i = 5 g = 0.5 w = False
SPDAOOOR = ===== 0.00701
True i = 5 g = 0.5 w = False
SPDAOOOR = ===== 0.006991
True i = 5 g = 0.5 w = False
SPDAOOOR = ===== 0.006971
True i = 5 g = 0.5 w = False
SPDAOOOR = ===== 0.00695
True i = 5 g = 0.5 w = False
SPDAOOOR = ===== 0.006929
True i = 5 g = 0.5 w = False
SPDAOOOR = ===== 0.006907
True i = 5 g = 0.5 w = False
SPDAOOOR = ===== 0.006885
True i = 5 g = 0.5 w = False
SPDAOOOR = ===== 0.006863
True i = 5 g = 0.5 w = False
SPDAOOOR = ===== 0.00684
True i = 5 g = 0.5 w = False
SPDAOOOR = ===== 0.006816
True i = 5 g = 0.5 w = False
SPDAOOOR = ===== 0.006793
True i = 5 g = 0.5 w = False
SPDAOOOR = ===== 0.006768
True i = 5 g = 0.5 w = False
SPDAOOOR = ===== 0.006743
True i = 5 g = 0.5 w = False
SPDAOOOR = ===== 0.006718
True i = 5 g = 0.5 w = False
SPDAOOOR = ===== 0.006692
True i = 5 g = 0.5 w = False
SPDAOOOR = ===== 0.006666
True i = 5 g = 0.5 w = False
SPDAOOOR = ===== 0.006639
True i = 5 g = 0.5 w = False
SPDAOOOR = ===== 0.006612
True i = 5 g = 0.5 w = False
SPDAOOOR = ===== 0.006584
True i = 5 g = 0.5 w = False
SPDAOOOR = ===== 0.006556
True i = 5 g = 0.5 w = False
SPDAOOOR = ===== 0.006527
True i = 5 g = 0.5 w = False
SPDAOOOR = ===== 0.006498
True i = 5 g = 0.5 w = False
SPDAOOOR = ===== 0.006469
True i = 5 g = 0.5 w = False
SPDAOOOR = ===== 0.006439
True i = 5 g = 0.5 w = False
SPDAOOOR = ===== 0.006408
True i = 5 g = 0.5 w = False
SPDAOOOR = ===== 0.006377
True i = 5 g = 0.5 w = False
SPDAOOOR = ===== 0.006346
True i = 5 g = 0.5 w = False
SPDAOOOR = ===== 0.006314
True i = 5 g = 0.5 w = False
SPDAOOOR = ===== 0.006282
True i = 5 g = 0.5 w = False
SPDAOOOR = ===== 0.006249
True i = 5 g = 0.5 w = False
SPDAOOOR = ===== 0.006216
True i = 5 g = 0.5 w = False
SPDAOOOR = ===== 0.006182
True i = 5 g = 0.5 w = False
SPDAOOOR = ===== 0.006148
True i = 5 g = 0.5 w = False
SPDAOOOR = ===== 0.006113
True i = 5 g = 0.5 w = False
SPDAOOOR = ===== 0.006078
True i = 5 g = 0.5 w = False
SPDAOOOR = ===== 0.006043
True i = 5 g = 0.5 w = False
SPDAOOOR = ===== 0.006007
True i = 5 g = 0.5 w = False
SPDAOOOR = ===== 0.005971
True i = 5 g = 0.5 w = False
SPDAOOOR = ===== 0.005934
True i = 5 g = 0.5 w = False
SPDAOOOR = ===== 0.005897
True i = 5 g = 0.5 w = False
SPDAOOOR = ===== 0.005859
True i = 5 g = 0.5 w = False
SPDAOOOR = ===== 0.005821
True i = 5 g = 0.5 w = False
SPDAOOOR = ===== 0.005782
True i = 5 g = 0.5 w = False
SPDAOOOR = ===== 0.005743
True i = 5 g = 0.5 w = False
SPDAOOOR = ===== 0.005704
True i = 5 g = 0.5 w = False
SPDAOOOR = ===== 0.005664
True i = 5 g = 0.5 w = False
SPDAOOOR = ===== 0.005624
True i = 5 g = 0.5 w = False
SPDAOOOR = ===== 0.005583
True i = 5 g = 0.5 w = False
SPDAOOOR = ===== 0.005542
True i = 5 g = 0.5 w = False
SPDAOOOR = ===== 0.0055
True i = 5 g = 0.5 w = False
SPDAOOOR = ===== 0.005458
True i = 5 g = 0.5 w = False
SPDAOOOR = ===== 0.005416
True i = 5 g = 0.5 w = False
SPDAOOOR = ===== 0.005373
True i = 5 g = 0.5 w = False
SPDAOOOR = ===== 0.00533
True i = 5 g = 0.5 w = False
SPDAOOOR = ===== 0.005286
True i = 5 g = 0.5 w = False
SPDAOOOR = ===== 0.005242
True i = 5 g = 0.5 w = False
SPDAOOOR = ===== 0.005198
True i = 5 g = 0.5 w = False
SPDAOOOR = ===== 0.005153
True i = 5 g = 0.5 w = False
SPDAOOOR = ===== 0.005107
True i = 5 g = 0.5 w = False
SPDAOOOR = ===== 0.005061
True i = 5 g = 0.5 w = False
SPDAOOOR = ===== 0.005015
True i = 5 g = 0.5 w = False
SPDAOOOR = ===== 0.004969
True i = 5 g = 0.5 w = False
SPDAOOOR = ===== 0.004921
True i = 5 g = 0.5 w = False
SPDAOOOR = ===== 0.004874
True i = 5 g = 0.5 w = False
SPDAOOOR = ===== 0.004826
True i = 5 g = 0.5 w = False
SPDAOOOR = ===== 0.004778
True i = 5 g = 0.5 w = False
SPDAOOOR = ===== 0.004729
True i = 5 g = 0.5 w = False
SPDAOOOR = ===== 0.00468
True i = 5 g = 0.5 w = False
SPDAOOOR = ===== 0.00463
True i = 5 g = 0.5 w = False
SPDAOOOR = ===== 0.004581
True i = 5 g = 0.5 w = False
SPDAOOOR = ===== 0.00453
True i = 5 g = 0.5 w = False
SPDAOOOR = ===== 0.006653
True i = 5 g = 0.5 w = False
SPDAOOOR = ===== 0.004732
True i = 5 g = 0.5 w = False
SPDAOOOR = ===== 0.004678
True i = 5 g = 0.5 w = False
SPDAOOOR = ===== 0.004623
True i = 5 g = 0.5 w = False
SPDAOOOR = ===== 0.004567
True i = 5 g = 0.5 w = False
SPDAOOOR = ===== 0.004511
True i = 5 g = 0.5 w = False
SPDAOOOR = ===== 0.004454
True i = 5 g = 0.5 w = False
SPDAOOOR = ===== 0.004397
True i = 5 g = 0.5 w = False
SPDAOOOR = ===== 0.004006
True i = 5 g = 0.5 w = False
SPDAOOOR = ===== 0.003951
True i = 5 g = 0.5 w = False
SPDAOOOR = ===== 0.003896
True i = 5 g = 0.5 w = False
SPDAOOOR = ===== 0.00384
True i = 5 g = 0.5 w = False
SPDAOOOR = ===== 0.003785
True i = 5 g = 0.5 w = False
SPDAOOOR = ===== 0.003728
True i = 5 g = 0.5 w = False
SPDAOOOR = ===== 0.003672
True i = 5 g = 0.5 w = False
SPDAOOOR = ===== 0.003614
True i = 5 g = 0.5 w = False
SPDAOOOR = ===== 0.003557
True i = 5 g = 0.5 w = False
SPDAOOOR = ===== 0.003499
True i = 5 g = 0.5 w = False
SPDAOOOR = ===== 0.003441
True i = 5 g = 0.5 w = False
SPDAOOOR = ===== 0.003382
True i = 5 g = 0.5 w = False
SPDAOOOR = ===== 0.003323
True i = 5 g = 0.5 w = False
SPDAOOOR = ===== 0.003264
True i = 5 g = 0.5 w = False
SPDAOOOR = ===== 0.003204
True i = 5 g = 0.5 w = False
SPDAOOOR = ===== 0.003144
True i = 5 g = 0.5 w = False
SPDAOOOR = ===== 0.003083
True i = 5 g = 0.5 w = False
SPDAOOOR = ===== 0.003023
True i = 5 g = 0.5 w = False
SPDAOOOR = ===== 0.002961
True i = 5 g = 0.5 w = False
SPDAOOOR = ===== 0.0029
True i = 5 g = 0.5 w = False
SPDAOOOR = ===== 0.002838
True i = 5 g = 0.5 w = False
SPDAOOOR = ===== 0.002775
True i = 5 g = 0.5 w = False
SPDAOOOR = ===== 0.002713
True i = 5 g = 0.5 w = False
SPDAOOOR = ===== 0.002649
True i = 5 g = 0.5 w = False
SPDAOOOR = ===== 0.002586
True i = 5 g = 0.5 w = False
SPDAOOOR = ===== 0.002522
True i = 5 g = 0.5 w = False
SPDAOOOR = ===== 0.002458
True i = 5 g = 0.5 w = False
SPDAOOOR = ===== 0.002393
True i = 5 g = 0.5 w = False
SPDAOOOR = ===== 0.002328
True i = 5 g = 0.5 w = False
SPDAOOOR = ===== 0.002263
True i = 5 g = 0.5 w = False
SPDAOOOR = ===== 0.002197
True i = 5 g = 0.5 w = False
SPDAOOOR = ===== 0.002131
True i = 5 g = 0.5 w = False
SPDAOOOR = ===== 0.002065
True i = 5 g = 0.5 w = False
SPDAOOOR = ===== 0.001998
True i = 5 g = 0.5 w = False
SPDAOOOR = ===== 0.001931
True i = 5 g = 0.5 w = False
SPDAOOOR = ===== 0.001863
True i = 5 g = 0.5 w = False
SPDAOOOR = ===== 0.001795
True i = 5 g = 0.5 w = False
SPDAOOOR = ===== 0.001727
True i = 5 g = 0.5 w = False
SPDAOOOR = ===== 0.001659
True i = 5 g = 0.5 w = False
SPDAOOOR = ===== 0.00159
True i = 5 g = 0.5 w = False
SPDAOOOR = ===== 0.00152
True i = 5 g = 0.5 w = False
SPDAOOOR = ===== 0.001451
True i = 5 g = 0.5 w = False
SPDAOOOR = ===== 0.001381
True i = 5 g = 0.5 w = False
SPDAOOOR = ===== 0.00131
True i = 5 g = 0.5 w = False
SPDAOOOR = ===== 0.00124
True i = 5 g = 0.5 w = False
SPDAOOOR = ===== 0.001169
True i = 5 g = 0.5 w = False
SPDAOOOR = ===== 0.001097
True i = 5 g = 0.5 w = False
SPDAOOOR = ===== 0.001026
True i = 5 g = 0.5 w = False
SPDAOOOR = ===== 0.000954
True i = 5 g = 0.5 w = False
SPDAOOOR = ===== 0.000881
True i = 5 g = 0.5 w = False
SPDAOOOR = ===== 0.000808
True i = 5 g = 0.5 w = False
SPDAOOOR = ===== 0.000735
True i = 5 g = 0.5 w = False
SPDAOOOR = ===== 0.000662
True i = 5 g = 0.5 w = False
SPDAOOOR = ===== 0.000588
True i = 5 g = 0.5 w = False
SPDAOOOR = ===== 0.000514
True i = 5 g = 0.5 w = False
SPDAOOOR = ===== 0.00044
True i = 5 g = 0.5 w = False
SPDAOOOR = ===== 0.000365
True i = 5 g = 0.5 w = False
SPDAOOOR = ===== 0.00029
True i = 5 g = 0.5 w = False
SPDAOOOR = ===== 0.000214
True i = 5 g = 0.5 w = False
SPDAOOOR = ===== 0.00014
True i = 5 g = 0.5 w = False
SPDAOOOR = ===== 0.000062
True i = 5 g = 0.5 w = False
SPDAOOOR = ===== 0.000014
True i = 5 g = 0.5 w = False
TELEPORTA
SPDAOOOR = ===== 0.000091
True i = 4 g = 0.5 w = False
SPDAOOOR = ===== 1.892028
False i = 4 g = 0.5 w = False
SPDAOOOR = ===== 1.90531
False i = 4 g = 0.5 w = False
SPDAOOOR = ===== 1.924125
False i = 4 g = 0.5 w = False
SPDAOOOR = ===== 1.935737
False i = 4 g = 0.5 w = False
SPDAOOOR = ===== 1.947351
False i = 4 g = 0.5 w = False
SPDAOOOR = ===== 1.958969
False i = 4 g = 0.5 w = False
SPDAOOOR = ===== 1.970589
False i = 4 g = 0.5 w = False
SPDAOOOR = ===== 1.982211
False i = 4 g = 0.5 w = False
SPDAOOOR = ===== 1.993836
False i = 4 g = 0.5 w = False
SPDAOOOR = ===== 2.005795
False i = 4 g = 0.5 w = False
SPDAOOOR = ===== 2.021919
False i = 4 g = 0.5 w = False
SPDAOOOR = ===== 2.032641
False i = 4 g = 0.5 w = False
SPDAOOOR = ===== 2.043609
False i = 4 g = 0.5 w = False
SPDAOOOR = ===== 2.054574
False i = 4 g = 0.5 w = False
SPDAOOOR = ===== 2.065536
False i = 4 g = 0.5 w = False
SPDAOOOR = ===== 2.076496
False i = 4 g = 0.5 w = False
SPDAOOOR = ===== 2.087453
False i = 4 g = 0.5 w = False
SPDAOOOR = ===== 2.098038
False i = 4 g = 0.5 w = False
SPDAOOOR = ===== 2.109711
False i = 4 g = 0.5 w = False
SPDAOOOR = ===== 2.122077
False i = 4 g = 0.5 w = False
SPDAOOOR = ===== 2.134465
False i = 4 g = 0.5 w = False
SPDAOOOR = ===== 2.146756
False i = 4 g = 0.5 w = False
SPDAOOOR = ===== 2.15905
False i = 4 g = 0.5 w = False
SPDAOOOR = ===== 2.171346
False i = 4 g = 0.5 w = False
SPDAOOOR = ===== 2.183645
False i = 4 g = 0.5 w = False
SPDAOOOR = ===== 2.196003
False i = 4 g = 0.5 w = False
SPDAOOOR = ===== 2.20776
False i = 4 g = 0.5 w = False
SPDAOOOR = ===== 2.219467
False i = 4 g = 0.5 w = False
SPDAOOOR = ===== 2.229847
False i = 4 g = 0.5 w = False
SPDAOOOR = ===== 2.240865
False i = 4 g = 0.5 w = False
SPDAOOOR = ===== 2.251746
False i = 4 g = 0.5 w = False
SPDAOOOR = ===== 2.262681
False i = 4 g = 0.5 w = False
SPDAOOOR = ===== 2.27395
False i = 4 g = 0.5 w = False
